{"/home/traning/trainingbot/clone11November/Penny-Chat-Bot/server/model/register_schema.js":{"path":"/home/traning/trainingbot/clone11November/Penny-Chat-Bot/server/model/register_schema.js","statementMap":{"0":{"start":{"line":3,"column":20},"end":{"line":3,"column":44}},"1":{"start":{"line":5,"column":21},"end":{"line":5,"column":58}},"2":{"start":{"line":7,"column":39},"end":{"line":7,"column":93}},"3":{"start":{"line":9,"column":15},"end":{"line":9,"column":34}},"4":{"start":{"line":11,"column":0},"end":{"line":11,"column":28}},"5":{"start":{"line":12,"column":13},"end":{"line":12,"column":28}},"6":{"start":{"line":14,"column":15},"end":{"line":24,"column":55}},"7":{"start":{"line":26,"column":0},"end":{"line":44,"column":3}},"8":{"start":{"line":27,"column":13},"end":{"line":27,"column":17}},"9":{"start":{"line":28,"column":2},"end":{"line":43,"column":3}},"10":{"start":{"line":29,"column":4},"end":{"line":40,"column":7}},"11":{"start":{"line":30,"column":6},"end":{"line":32,"column":7}},"12":{"start":{"line":31,"column":8},"end":{"line":31,"column":25}},"13":{"start":{"line":33,"column":6},"end":{"line":39,"column":9}},"14":{"start":{"line":34,"column":8},"end":{"line":36,"column":9}},"15":{"start":{"line":35,"column":10},"end":{"line":35,"column":27}},"16":{"start":{"line":37,"column":8},"end":{"line":37,"column":29}},"17":{"start":{"line":38,"column":8},"end":{"line":38,"column":15}},"18":{"start":{"line":42,"column":4},"end":{"line":42,"column":18}},"19":{"start":{"line":46,"column":21},"end":{"line":46,"column":63}},"20":{"start":{"line":48,"column":0},"end":{"line":48,"column":32}}},"fnMap":{"0":{"name":"_interopRequireDefault","decl":{"start":{"line":7,"column":9},"end":{"line":7,"column":31}},"loc":{"start":{"line":7,"column":37},"end":{"line":7,"column":95}},"line":7},"1":{"name":"(anonymous_1)","decl":{"start":{"line":26,"column":21},"end":{"line":26,"column":22}},"loc":{"start":{"line":26,"column":37},"end":{"line":44,"column":1}},"line":26},"2":{"name":"(anonymous_2)","decl":{"start":{"line":29,"column":39},"end":{"line":29,"column":40}},"loc":{"start":{"line":29,"column":60},"end":{"line":40,"column":5}},"line":29},"3":{"name":"(anonymous_3)","decl":{"start":{"line":33,"column":61},"end":{"line":33,"column":62}},"loc":{"start":{"line":33,"column":82},"end":{"line":39,"column":7}},"line":33}},"branchMap":{"0":{"loc":{"start":{"line":7,"column":46},"end":{"line":7,"column":92}},"type":"cond-expr","locations":[{"start":{"line":7,"column":70},"end":{"line":7,"column":73}},{"start":{"line":7,"column":76},"end":{"line":7,"column":92}}],"line":7},"1":{"loc":{"start":{"line":7,"column":46},"end":{"line":7,"column":67}},"type":"binary-expr","locations":[{"start":{"line":7,"column":46},"end":{"line":7,"column":49}},{"start":{"line":7,"column":53},"end":{"line":7,"column":67}}],"line":7},"2":{"loc":{"start":{"line":28,"column":2},"end":{"line":43,"column":3}},"type":"if","locations":[{"start":{"line":28,"column":2},"end":{"line":43,"column":3}},{"start":{"line":28,"column":2},"end":{"line":43,"column":3}}],"line":28},"3":{"loc":{"start":{"line":28,"column":6},"end":{"line":28,"column":47}},"type":"binary-expr","locations":[{"start":{"line":28,"column":6},"end":{"line":28,"column":33}},{"start":{"line":28,"column":37},"end":{"line":28,"column":47}}],"line":28},"4":{"loc":{"start":{"line":30,"column":6},"end":{"line":32,"column":7}},"type":"if","locations":[{"start":{"line":30,"column":6},"end":{"line":32,"column":7}},{"start":{"line":30,"column":6},"end":{"line":32,"column":7}}],"line":30},"5":{"loc":{"start":{"line":34,"column":8},"end":{"line":36,"column":9}},"type":"if","locations":[{"start":{"line":34,"column":8},"end":{"line":36,"column":9}},{"start":{"line":34,"column":8},"end":{"line":36,"column":9}}],"line":34}},"s":{"0":1,"1":1,"2":1,"3":1,"4":1,"5":1,"6":1,"7":1,"8":0,"9":0,"10":0,"11":0,"12":0,"13":0,"14":0,"15":0,"16":0,"17":0,"18":0,"19":1,"20":1},"f":{"0":1,"1":0,"2":0,"3":0},"b":{"0":[0,1],"1":[1,1],"2":[0,0],"3":[0,0],"4":[0,0],"5":[0,0]},"_coverageSchema":"332fd63041d2c1bcb487cc26dd0d5f7d97098a6c","hash":"1cf988a35608fd2f09eb54f10fe2c7416dca9d90","contentHash":"2537eac0780975cb71a836c966d6376b_11.3.0"},"/home/traning/trainingbot/clone11November/Penny-Chat-Bot/server/model/add_task.js":{"path":"/home/traning/trainingbot/clone11November/Penny-Chat-Bot/server/model/add_task.js","statementMap":{"0":{"start":{"line":3,"column":15},"end":{"line":3,"column":34}},"1":{"start":{"line":4,"column":0},"end":{"line":4,"column":28}},"2":{"start":{"line":5,"column":13},"end":{"line":5,"column":28}},"3":{"start":{"line":7,"column":15},"end":{"line":10,"column":46}},"4":{"start":{"line":12,"column":15},"end":{"line":12,"column":48}},"5":{"start":{"line":14,"column":0},"end":{"line":14,"column":26}}},"fnMap":{},"branchMap":{},"s":{"0":1,"1":1,"2":1,"3":1,"4":1,"5":1},"f":{},"b":{},"_coverageSchema":"332fd63041d2c1bcb487cc26dd0d5f7d97098a6c","hash":"90737f9280c459e4e60878759e13c31d68b0054a","contentHash":"e27677982df747c5220a4f36b282a0a6_11.3.0"},"/home/traning/trainingbot/clone11November/Penny-Chat-Bot/server/model/questionbank_schema.js":{"path":"/home/traning/trainingbot/clone11November/Penny-Chat-Bot/server/model/questionbank_schema.js","statementMap":{"0":{"start":{"line":3,"column":15},"end":{"line":3,"column":34}},"1":{"start":{"line":4,"column":0},"end":{"line":4,"column":28}},"2":{"start":{"line":5,"column":13},"end":{"line":5,"column":28}},"3":{"start":{"line":7,"column":15},"end":{"line":9,"column":59}},"4":{"start":{"line":11,"column":21},"end":{"line":11,"column":67}},"5":{"start":{"line":13,"column":0},"end":{"line":13,"column":32}}},"fnMap":{},"branchMap":{},"s":{"0":1,"1":1,"2":1,"3":1,"4":1,"5":1},"f":{},"b":{},"_coverageSchema":"332fd63041d2c1bcb487cc26dd0d5f7d97098a6c","hash":"ef9cca0e31b9b7defa67e634eab55a7b68abf62e","contentHash":"33750b03454f02c6335f52bd30ca5431_11.3.0"},"/home/traning/trainingbot/clone11November/Penny-Chat-Bot/server/model/flow_schema.js":{"path":"/home/traning/trainingbot/clone11November/Penny-Chat-Bot/server/model/flow_schema.js","statementMap":{"0":{"start":{"line":3,"column":15},"end":{"line":3,"column":34}},"1":{"start":{"line":4,"column":0},"end":{"line":4,"column":28}},"2":{"start":{"line":5,"column":13},"end":{"line":5,"column":28}},"3":{"start":{"line":7,"column":15},"end":{"line":11,"column":45}},"4":{"start":{"line":13,"column":21},"end":{"line":13,"column":53}},"5":{"start":{"line":15,"column":0},"end":{"line":15,"column":32}}},"fnMap":{},"branchMap":{},"s":{"0":1,"1":1,"2":1,"3":1,"4":1,"5":1},"f":{},"b":{},"_coverageSchema":"332fd63041d2c1bcb487cc26dd0d5f7d97098a6c","hash":"ddea73e24ac66cc0404ba76da65fc70a92228281","contentHash":"2cb781d174cd509ea779b82b53cb47f7_11.3.0"},"/home/traning/trainingbot/clone11November/Penny-Chat-Bot/server/app.js":{"path":"/home/traning/trainingbot/clone11November/Penny-Chat-Bot/server/app.js","statementMap":{"0":{"start":{"line":3,"column":0},"end":{"line":5,"column":3}},"1":{"start":{"line":7,"column":18},"end":{"line":7,"column":40}},"2":{"start":{"line":9,"column":19},"end":{"line":9,"column":54}},"3":{"start":{"line":11,"column":20},"end":{"line":11,"column":44}},"4":{"start":{"line":13,"column":21},"end":{"line":13,"column":58}},"5":{"start":{"line":15,"column":13},"end":{"line":15,"column":29}},"6":{"start":{"line":17,"column":14},"end":{"line":17,"column":44}},"7":{"start":{"line":19,"column":15},"end":{"line":19,"column":33}},"8":{"start":{"line":21,"column":16},"end":{"line":21,"column":48}},"9":{"start":{"line":23,"column":22},"end":{"line":23,"column":48}},"10":{"start":{"line":25,"column":23},"end":{"line":25,"column":62}},"11":{"start":{"line":27,"column":12},"end":{"line":27,"column":27}},"12":{"start":{"line":29,"column":13},"end":{"line":29,"column":42}},"13":{"start":{"line":31,"column":16},"end":{"line":31,"column":35}},"14":{"start":{"line":33,"column":17},"end":{"line":33,"column":50}},"15":{"start":{"line":35,"column":19},"end":{"line":35,"column":50}},"16":{"start":{"line":37,"column":20},"end":{"line":37,"column":56}},"17":{"start":{"line":39,"column":23},"end":{"line":39,"column":58}},"18":{"start":{"line":41,"column":24},"end":{"line":41,"column":64}},"19":{"start":{"line":43,"column":19},"end":{"line":43,"column":50}},"20":{"start":{"line":45,"column":20},"end":{"line":45,"column":56}},"21":{"start":{"line":47,"column":20},"end":{"line":47,"column":52}},"22":{"start":{"line":49,"column":21},"end":{"line":49,"column":58}},"23":{"start":{"line":51,"column":13},"end":{"line":51,"column":42}},"24":{"start":{"line":53,"column":14},"end":{"line":53,"column":44}},"25":{"start":{"line":55,"column":16},"end":{"line":55,"column":44}},"26":{"start":{"line":57,"column":17},"end":{"line":57,"column":50}},"27":{"start":{"line":59,"column":14},"end":{"line":59,"column":40}},"28":{"start":{"line":61,"column":15},"end":{"line":61,"column":46}},"29":{"start":{"line":63,"column":14},"end":{"line":63,"column":40}},"30":{"start":{"line":65,"column":15},"end":{"line":65,"column":46}},"31":{"start":{"line":67,"column":17},"end":{"line":67,"column":46}},"32":{"start":{"line":69,"column":18},"end":{"line":69,"column":52}},"33":{"start":{"line":71,"column":20},"end":{"line":71,"column":52}},"34":{"start":{"line":73,"column":21},"end":{"line":73,"column":58}},"35":{"start":{"line":75,"column":16},"end":{"line":75,"column":60}},"36":{"start":{"line":77,"column":17},"end":{"line":77,"column":50}},"37":{"start":{"line":79,"column":15},"end":{"line":79,"column":42}},"38":{"start":{"line":81,"column":16},"end":{"line":81,"column":48}},"39":{"start":{"line":83,"column":21},"end":{"line":83,"column":54}},"40":{"start":{"line":85,"column":22},"end":{"line":85,"column":60}},"41":{"start":{"line":87,"column":22},"end":{"line":87,"column":56}},"42":{"start":{"line":89,"column":23},"end":{"line":89,"column":62}},"43":{"start":{"line":91,"column":20},"end":{"line":91,"column":52}},"44":{"start":{"line":93,"column":21},"end":{"line":93,"column":58}},"45":{"start":{"line":95,"column":24},"end":{"line":95,"column":60}},"46":{"start":{"line":97,"column":25},"end":{"line":97,"column":66}},"47":{"start":{"line":99,"column":16},"end":{"line":99,"column":44}},"48":{"start":{"line":101,"column":17},"end":{"line":101,"column":50}},"49":{"start":{"line":103,"column":19},"end":{"line":103,"column":50}},"50":{"start":{"line":105,"column":20},"end":{"line":105,"column":56}},"51":{"start":{"line":107,"column":22},"end":{"line":107,"column":56}},"52":{"start":{"line":109,"column":23},"end":{"line":109,"column":62}},"53":{"start":{"line":111,"column":22},"end":{"line":111,"column":56}},"54":{"start":{"line":113,"column":23},"end":{"line":113,"column":62}},"55":{"start":{"line":115,"column":14},"end":{"line":115,"column":40}},"56":{"start":{"line":117,"column":15},"end":{"line":117,"column":46}},"57":{"start":{"line":119,"column":12},"end":{"line":119,"column":27}},"58":{"start":{"line":121,"column":13},"end":{"line":121,"column":42}},"59":{"start":{"line":123,"column":16},"end":{"line":123,"column":35}},"60":{"start":{"line":125,"column":17},"end":{"line":125,"column":50}},"61":{"start":{"line":127,"column":14},"end":{"line":127,"column":33}},"62":{"start":{"line":129,"column":15},"end":{"line":129,"column":46}},"63":{"start":{"line":131,"column":17},"end":{"line":131,"column":46}},"64":{"start":{"line":133,"column":18},"end":{"line":133,"column":52}},"65":{"start":{"line":135,"column":14},"end":{"line":135,"column":40}},"66":{"start":{"line":137,"column":15},"end":{"line":137,"column":46}},"67":{"start":{"line":139,"column":15},"end":{"line":139,"column":42}},"68":{"start":{"line":141,"column":16},"end":{"line":141,"column":48}},"69":{"start":{"line":143,"column":14},"end":{"line":143,"column":40}},"70":{"start":{"line":145,"column":15},"end":{"line":145,"column":46}},"71":{"start":{"line":147,"column":12},"end":{"line":147,"column":27}},"72":{"start":{"line":149,"column":13},"end":{"line":149,"column":42}},"73":{"start":{"line":151,"column":20},"end":{"line":151,"column":52}},"74":{"start":{"line":153,"column":21},"end":{"line":153,"column":58}},"75":{"start":{"line":155,"column":17},"end":{"line":155,"column":43}},"76":{"start":{"line":157,"column":17},"end":{"line":157,"column":51}},"77":{"start":{"line":159,"column":39},"end":{"line":159,"column":93}},"78":{"start":{"line":163,"column":10},"end":{"line":163,"column":34}},"79":{"start":{"line":170,"column":0},"end":{"line":170,"column":44}},"80":{"start":{"line":172,"column":0},"end":{"line":172,"column":41}},"81":{"start":{"line":173,"column":0},"end":{"line":173,"column":38}},"82":{"start":{"line":175,"column":12},"end":{"line":175,"column":46}},"83":{"start":{"line":176,"column":0},"end":{"line":176,"column":58}},"84":{"start":{"line":178,"column":0},"end":{"line":178,"column":30}},"85":{"start":{"line":181,"column":0},"end":{"line":181,"column":37}},"86":{"start":{"line":182,"column":0},"end":{"line":184,"column":4}},"87":{"start":{"line":186,"column":0},"end":{"line":190,"column":4}},"88":{"start":{"line":192,"column":0},"end":{"line":192,"column":31}},"89":{"start":{"line":193,"column":0},"end":{"line":193,"column":39}},"90":{"start":{"line":195,"column":0},"end":{"line":195,"column":76}},"91":{"start":{"line":197,"column":0},"end":{"line":197,"column":87}},"92":{"start":{"line":198,"column":9},"end":{"line":198,"column":38}},"93":{"start":{"line":199,"column":0},"end":{"line":201,"column":3}},"94":{"start":{"line":200,"column":2},"end":{"line":200,"column":72}},"95":{"start":{"line":202,"column":0},"end":{"line":205,"column":3}},"96":{"start":{"line":203,"column":2},"end":{"line":203,"column":75}},"97":{"start":{"line":204,"column":2},"end":{"line":204,"column":34}},"98":{"start":{"line":206,"column":0},"end":{"line":208,"column":3}},"99":{"start":{"line":207,"column":2},"end":{"line":207,"column":71}},"100":{"start":{"line":209,"column":0},"end":{"line":211,"column":3}},"101":{"start":{"line":210,"column":2},"end":{"line":210,"column":66}},"102":{"start":{"line":212,"column":0},"end":{"line":214,"column":3}},"103":{"start":{"line":213,"column":2},"end":{"line":213,"column":73}},"104":{"start":{"line":215,"column":0},"end":{"line":217,"column":3}},"105":{"start":{"line":216,"column":2},"end":{"line":216,"column":74}},"106":{"start":{"line":219,"column":0},"end":{"line":219,"column":76}},"107":{"start":{"line":222,"column":0},"end":{"line":222,"column":71}},"108":{"start":{"line":223,"column":0},"end":{"line":223,"column":37}},"109":{"start":{"line":224,"column":0},"end":{"line":224,"column":72}},"110":{"start":{"line":225,"column":0},"end":{"line":225,"column":39}},"111":{"start":{"line":226,"column":0},"end":{"line":226,"column":79}},"112":{"start":{"line":227,"column":0},"end":{"line":227,"column":55}},"113":{"start":{"line":228,"column":0},"end":{"line":228,"column":76}},"114":{"start":{"line":229,"column":0},"end":{"line":229,"column":48}},"115":{"start":{"line":230,"column":0},"end":{"line":230,"column":76}},"116":{"start":{"line":231,"column":0},"end":{"line":231,"column":49}},"117":{"start":{"line":232,"column":0},"end":{"line":232,"column":76}},"118":{"start":{"line":233,"column":0},"end":{"line":233,"column":49}},"119":{"start":{"line":234,"column":0},"end":{"line":234,"column":68}},"120":{"start":{"line":235,"column":0},"end":{"line":235,"column":33}},"121":{"start":{"line":236,"column":0},"end":{"line":236,"column":71}},"122":{"start":{"line":237,"column":0},"end":{"line":237,"column":31}},"123":{"start":{"line":238,"column":0},"end":{"line":238,"column":71}},"124":{"start":{"line":239,"column":0},"end":{"line":239,"column":39}},"125":{"start":{"line":240,"column":0},"end":{"line":240,"column":73}},"126":{"start":{"line":241,"column":0},"end":{"line":241,"column":41}},"127":{"start":{"line":242,"column":0},"end":{"line":242,"column":71}},"128":{"start":{"line":243,"column":0},"end":{"line":243,"column":42}},"129":{"start":{"line":244,"column":0},"end":{"line":244,"column":75}},"130":{"start":{"line":245,"column":0},"end":{"line":245,"column":47}},"131":{"start":{"line":246,"column":0},"end":{"line":246,"column":74}},"132":{"start":{"line":247,"column":0},"end":{"line":247,"column":43}},"133":{"start":{"line":248,"column":0},"end":{"line":248,"column":76}},"134":{"start":{"line":249,"column":0},"end":{"line":249,"column":49}},"135":{"start":{"line":250,"column":0},"end":{"line":250,"column":73}},"136":{"start":{"line":251,"column":0},"end":{"line":251,"column":41}},"137":{"start":{"line":252,"column":0},"end":{"line":252,"column":81}},"138":{"start":{"line":253,"column":0},"end":{"line":253,"column":43}},"139":{"start":{"line":254,"column":0},"end":{"line":254,"column":72}},"140":{"start":{"line":255,"column":0},"end":{"line":255,"column":39}},"141":{"start":{"line":256,"column":0},"end":{"line":256,"column":73}},"142":{"start":{"line":257,"column":0},"end":{"line":257,"column":41}},"143":{"start":{"line":258,"column":0},"end":{"line":258,"column":75}},"144":{"start":{"line":259,"column":0},"end":{"line":259,"column":48}},"145":{"start":{"line":260,"column":0},"end":{"line":260,"column":72}},"146":{"start":{"line":261,"column":0},"end":{"line":261,"column":46}},"147":{"start":{"line":262,"column":0},"end":{"line":262,"column":81}},"148":{"start":{"line":263,"column":0},"end":{"line":263,"column":50}},"149":{"start":{"line":264,"column":0},"end":{"line":264,"column":74}},"150":{"start":{"line":265,"column":0},"end":{"line":265,"column":43}},"151":{"start":{"line":266,"column":0},"end":{"line":266,"column":76}},"152":{"start":{"line":267,"column":0},"end":{"line":267,"column":47}},"153":{"start":{"line":268,"column":0},"end":{"line":268,"column":79}},"154":{"start":{"line":269,"column":0},"end":{"line":269,"column":53}},"155":{"start":{"line":270,"column":0},"end":{"line":270,"column":78}},"156":{"start":{"line":271,"column":0},"end":{"line":271,"column":53}},"157":{"start":{"line":272,"column":0},"end":{"line":272,"column":71}},"158":{"start":{"line":273,"column":0},"end":{"line":273,"column":37}},"159":{"start":{"line":275,"column":0},"end":{"line":279,"column":3}},"160":{"start":{"line":276,"column":12},"end":{"line":276,"column":34}},"161":{"start":{"line":277,"column":2},"end":{"line":277,"column":19}},"162":{"start":{"line":278,"column":2},"end":{"line":278,"column":12}},"163":{"start":{"line":285,"column":0},"end":{"line":294,"column":3}},"164":{"start":{"line":287,"column":2},"end":{"line":287,"column":35}},"165":{"start":{"line":288,"column":2},"end":{"line":288,"column":69}},"166":{"start":{"line":290,"column":2},"end":{"line":290,"column":32}},"167":{"start":{"line":291,"column":2},"end":{"line":291,"column":16}},"168":{"start":{"line":296,"column":0},"end":{"line":296,"column":22}}},"fnMap":{"0":{"name":"_interopRequireDefault","decl":{"start":{"line":159,"column":9},"end":{"line":159,"column":31}},"loc":{"start":{"line":159,"column":37},"end":{"line":159,"column":95}},"line":159},"1":{"name":"(anonymous_1)","decl":{"start":{"line":199,"column":20},"end":{"line":199,"column":21}},"loc":{"start":{"line":199,"column":32},"end":{"line":201,"column":1}},"line":199},"2":{"name":"(anonymous_2)","decl":{"start":{"line":202,"column":15},"end":{"line":202,"column":16}},"loc":{"start":{"line":202,"column":32},"end":{"line":205,"column":1}},"line":202},"3":{"name":"(anonymous_3)","decl":{"start":{"line":206,"column":19},"end":{"line":206,"column":20}},"loc":{"start":{"line":206,"column":31},"end":{"line":208,"column":1}},"line":206},"4":{"name":"(anonymous_4)","decl":{"start":{"line":209,"column":16},"end":{"line":209,"column":17}},"loc":{"start":{"line":209,"column":28},"end":{"line":211,"column":1}},"line":209},"5":{"name":"(anonymous_5)","decl":{"start":{"line":212,"column":21},"end":{"line":212,"column":22}},"loc":{"start":{"line":212,"column":33},"end":{"line":214,"column":1}},"line":212},"6":{"name":"(anonymous_6)","decl":{"start":{"line":215,"column":22},"end":{"line":215,"column":23}},"loc":{"start":{"line":215,"column":34},"end":{"line":217,"column":1}},"line":215},"7":{"name":"(anonymous_7)","decl":{"start":{"line":275,"column":8},"end":{"line":275,"column":9}},"loc":{"start":{"line":275,"column":34},"end":{"line":279,"column":1}},"line":275},"8":{"name":"(anonymous_8)","decl":{"start":{"line":285,"column":8},"end":{"line":285,"column":9}},"loc":{"start":{"line":285,"column":39},"end":{"line":294,"column":1}},"line":285}},"branchMap":{"0":{"loc":{"start":{"line":159,"column":46},"end":{"line":159,"column":92}},"type":"cond-expr","locations":[{"start":{"line":159,"column":70},"end":{"line":159,"column":73}},{"start":{"line":159,"column":76},"end":{"line":159,"column":92}}],"line":159},"1":{"loc":{"start":{"line":159,"column":46},"end":{"line":159,"column":67}},"type":"binary-expr","locations":[{"start":{"line":159,"column":46},"end":{"line":159,"column":49}},{"start":{"line":159,"column":53},"end":{"line":159,"column":67}}],"line":159},"2":{"loc":{"start":{"line":288,"column":21},"end":{"line":288,"column":68}},"type":"cond-expr","locations":[{"start":{"line":288,"column":60},"end":{"line":288,"column":63}},{"start":{"line":288,"column":66},"end":{"line":288,"column":68}}],"line":288},"3":{"loc":{"start":{"line":290,"column":13},"end":{"line":290,"column":30}},"type":"binary-expr","locations":[{"start":{"line":290,"column":13},"end":{"line":290,"column":23}},{"start":{"line":290,"column":27},"end":{"line":290,"column":30}}],"line":290}},"s":{"0":1,"1":1,"2":1,"3":1,"4":1,"5":1,"6":1,"7":1,"8":1,"9":1,"10":1,"11":1,"12":1,"13":1,"14":1,"15":1,"16":1,"17":1,"18":1,"19":1,"20":1,"21":1,"22":1,"23":1,"24":1,"25":1,"26":1,"27":1,"28":1,"29":1,"30":1,"31":1,"32":1,"33":1,"34":1,"35":1,"36":1,"37":1,"38":1,"39":1,"40":1,"41":1,"42":1,"43":1,"44":1,"45":1,"46":1,"47":1,"48":1,"49":1,"50":1,"51":1,"52":1,"53":1,"54":1,"55":1,"56":1,"57":1,"58":1,"59":1,"60":1,"61":1,"62":1,"63":1,"64":1,"65":1,"66":1,"67":1,"68":1,"69":1,"70":1,"71":1,"72":1,"73":1,"74":1,"75":1,"76":1,"77":38,"78":1,"79":1,"80":1,"81":1,"82":1,"83":1,"84":1,"85":1,"86":1,"87":1,"88":1,"89":1,"90":1,"91":1,"92":1,"93":1,"94":0,"95":1,"96":0,"97":0,"98":1,"99":0,"100":1,"101":0,"102":1,"103":0,"104":1,"105":0,"106":1,"107":1,"108":1,"109":1,"110":1,"111":1,"112":1,"113":1,"114":1,"115":1,"116":1,"117":1,"118":1,"119":1,"120":1,"121":1,"122":1,"123":1,"124":1,"125":1,"126":1,"127":1,"128":1,"129":1,"130":1,"131":1,"132":1,"133":1,"134":1,"135":1,"136":1,"137":1,"138":1,"139":1,"140":1,"141":1,"142":1,"143":1,"144":1,"145":1,"146":1,"147":1,"148":1,"149":1,"150":1,"151":1,"152":1,"153":1,"154":1,"155":1,"156":1,"157":1,"158":1,"159":1,"160":0,"161":0,"162":0,"163":1,"164":0,"165":0,"166":0,"167":0,"168":1},"f":{"0":38,"1":0,"2":0,"3":0,"4":0,"5":0,"6":0,"7":0,"8":0},"b":{"0":[25,13],"1":[38,38],"2":[0,0],"3":[0,0]},"_coverageSchema":"332fd63041d2c1bcb487cc26dd0d5f7d97098a6c","hash":"7d33d3fbc25622ec995ce7cfbacba68d4c4ff584","contentHash":"2b6e1dca04c6cbb1d4eb2f1dee6701cf_11.3.0"},"/home/traning/trainingbot/clone11November/Penny-Chat-Bot/server/routes/verify_user/index.js":{"path":"/home/traning/trainingbot/clone11November/Penny-Chat-Bot/server/routes/verify_user/index.js","statementMap":{"0":{"start":{"line":3,"column":0},"end":{"line":5,"column":3}},"1":{"start":{"line":7,"column":15},"end":{"line":7,"column":33}},"2":{"start":{"line":9,"column":16},"end":{"line":9,"column":48}},"3":{"start":{"line":11,"column":19},"end":{"line":11,"column":43}},"4":{"start":{"line":13,"column":20},"end":{"line":13,"column":56}},"5":{"start":{"line":15,"column":39},"end":{"line":15,"column":93}},"6":{"start":{"line":17,"column":13},"end":{"line":17,"column":39}},"7":{"start":{"line":19,"column":0},"end":{"line":19,"column":42}},"8":{"start":{"line":20,"column":0},"end":{"line":20,"column":25}}},"fnMap":{"0":{"name":"_interopRequireDefault","decl":{"start":{"line":15,"column":9},"end":{"line":15,"column":31}},"loc":{"start":{"line":15,"column":37},"end":{"line":15,"column":95}},"line":15}},"branchMap":{"0":{"loc":{"start":{"line":15,"column":46},"end":{"line":15,"column":92}},"type":"cond-expr","locations":[{"start":{"line":15,"column":70},"end":{"line":15,"column":73}},{"start":{"line":15,"column":76},"end":{"line":15,"column":92}}],"line":15},"1":{"loc":{"start":{"line":15,"column":46},"end":{"line":15,"column":67}},"type":"binary-expr","locations":[{"start":{"line":15,"column":46},"end":{"line":15,"column":49}},{"start":{"line":15,"column":53},"end":{"line":15,"column":67}}],"line":15}},"s":{"0":1,"1":1,"2":1,"3":1,"4":1,"5":2,"6":1,"7":1,"8":1},"f":{"0":2},"b":{"0":[1,1],"1":[2,2]},"_coverageSchema":"332fd63041d2c1bcb487cc26dd0d5f7d97098a6c","hash":"f8932e7158597d79d7712c598ccd47253694b6cc","contentHash":"413a018db5ec54309f4cb4b697a6b865_11.3.0"},"/home/traning/trainingbot/clone11November/Penny-Chat-Bot/server/routes/verify_user/verify_user.js":{"path":"/home/traning/trainingbot/clone11November/Penny-Chat-Bot/server/routes/verify_user/verify_user.js","statementMap":{"0":{"start":{"line":3,"column":0},"end":{"line":5,"column":3}},"1":{"start":{"line":7,"column":23},"end":{"line":7,"column":61}},"2":{"start":{"line":9,"column":24},"end":{"line":9,"column":64}},"3":{"start":{"line":11,"column":14},"end":{"line":11,"column":33}},"4":{"start":{"line":13,"column":15},"end":{"line":13,"column":46}},"5":{"start":{"line":15,"column":15},"end":{"line":15,"column":33}},"6":{"start":{"line":17,"column":16},"end":{"line":17,"column":48}},"7":{"start":{"line":19,"column":14},"end":{"line":19,"column":37}},"8":{"start":{"line":21,"column":15},"end":{"line":21,"column":46}},"9":{"start":{"line":23,"column":39},"end":{"line":23,"column":93}},"10":{"start":{"line":26,"column":0},"end":{"line":67,"column":2}},"11":{"start":{"line":27,"column":2},"end":{"line":66,"column":3}},"12":{"start":{"line":28,"column":4},"end":{"line":61,"column":7}},"13":{"start":{"line":30,"column":6},"end":{"line":60,"column":9}},"14":{"start":{"line":32,"column":8},"end":{"line":32,"column":80}},"15":{"start":{"line":33,"column":8},"end":{"line":33,"column":92}},"16":{"start":{"line":34,"column":13},"end":{"line":60,"column":9}},"17":{"start":{"line":36,"column":8},"end":{"line":36,"column":83}},"18":{"start":{"line":37,"column":8},"end":{"line":37,"column":95}},"19":{"start":{"line":40,"column":11},"end":{"line":60,"column":9}},"20":{"start":{"line":41,"column":10},"end":{"line":56,"column":13}},"21":{"start":{"line":42,"column":12},"end":{"line":55,"column":13}},"22":{"start":{"line":43,"column":14},"end":{"line":43,"column":89}},"23":{"start":{"line":44,"column":14},"end":{"line":44,"column":101}},"24":{"start":{"line":45,"column":19},"end":{"line":55,"column":13}},"25":{"start":{"line":47,"column":14},"end":{"line":47,"column":97}},"26":{"start":{"line":48,"column":14},"end":{"line":48,"column":109}},"27":{"start":{"line":51,"column":14},"end":{"line":54,"column":17}},"28":{"start":{"line":52,"column":16},"end":{"line":52,"column":97}},"29":{"start":{"line":53,"column":16},"end":{"line":53,"column":118}},"30":{"start":{"line":58,"column":10},"end":{"line":58,"column":91}},"31":{"start":{"line":59,"column":10},"end":{"line":59,"column":110}},"32":{"start":{"line":64,"column":4},"end":{"line":64,"column":61}},"33":{"start":{"line":65,"column":4},"end":{"line":65,"column":89}}},"fnMap":{"0":{"name":"_interopRequireDefault","decl":{"start":{"line":23,"column":9},"end":{"line":23,"column":31}},"loc":{"start":{"line":23,"column":37},"end":{"line":23,"column":95}},"line":23},"1":{"name":"(anonymous_1)","decl":{"start":{"line":26,"column":18},"end":{"line":26,"column":19}},"loc":{"start":{"line":26,"column":38},"end":{"line":67,"column":1}},"line":26},"2":{"name":"(anonymous_2)","decl":{"start":{"line":28,"column":59},"end":{"line":28,"column":60}},"loc":{"start":{"line":28,"column":81},"end":{"line":61,"column":5}},"line":28},"3":{"name":"(anonymous_3)","decl":{"start":{"line":41,"column":115},"end":{"line":41,"column":116}},"loc":{"start":{"line":41,"column":136},"end":{"line":56,"column":11}},"line":41},"4":{"name":"(anonymous_4)","decl":{"start":{"line":51,"column":69},"end":{"line":51,"column":70}},"loc":{"start":{"line":51,"column":90},"end":{"line":54,"column":15}},"line":51}},"branchMap":{"0":{"loc":{"start":{"line":23,"column":46},"end":{"line":23,"column":92}},"type":"cond-expr","locations":[{"start":{"line":23,"column":70},"end":{"line":23,"column":73}},{"start":{"line":23,"column":76},"end":{"line":23,"column":92}}],"line":23},"1":{"loc":{"start":{"line":23,"column":46},"end":{"line":23,"column":67}},"type":"binary-expr","locations":[{"start":{"line":23,"column":46},"end":{"line":23,"column":49}},{"start":{"line":23,"column":53},"end":{"line":23,"column":67}}],"line":23},"2":{"loc":{"start":{"line":30,"column":6},"end":{"line":60,"column":9}},"type":"if","locations":[{"start":{"line":30,"column":6},"end":{"line":60,"column":9}},{"start":{"line":30,"column":6},"end":{"line":60,"column":9}}],"line":30},"3":{"loc":{"start":{"line":34,"column":13},"end":{"line":60,"column":9}},"type":"if","locations":[{"start":{"line":34,"column":13},"end":{"line":60,"column":9}},{"start":{"line":34,"column":13},"end":{"line":60,"column":9}}],"line":34},"4":{"loc":{"start":{"line":40,"column":11},"end":{"line":60,"column":9}},"type":"if","locations":[{"start":{"line":40,"column":11},"end":{"line":60,"column":9}},{"start":{"line":40,"column":11},"end":{"line":60,"column":9}}],"line":40},"5":{"loc":{"start":{"line":42,"column":12},"end":{"line":55,"column":13}},"type":"if","locations":[{"start":{"line":42,"column":12},"end":{"line":55,"column":13}},{"start":{"line":42,"column":12},"end":{"line":55,"column":13}}],"line":42},"6":{"loc":{"start":{"line":45,"column":19},"end":{"line":55,"column":13}},"type":"if","locations":[{"start":{"line":45,"column":19},"end":{"line":55,"column":13}},{"start":{"line":45,"column":19},"end":{"line":55,"column":13}}],"line":45}},"s":{"0":1,"1":1,"2":1,"3":1,"4":1,"5":1,"6":1,"7":1,"8":1,"9":4,"10":1,"11":0,"12":0,"13":0,"14":0,"15":0,"16":0,"17":0,"18":0,"19":0,"20":0,"21":0,"22":0,"23":0,"24":0,"25":0,"26":0,"27":0,"28":0,"29":0,"30":0,"31":0,"32":0,"33":0},"f":{"0":4,"1":0,"2":0,"3":0,"4":0},"b":{"0":[0,4],"1":[4,4],"2":[0,0],"3":[0,0],"4":[0,0],"5":[0,0],"6":[0,0]},"_coverageSchema":"332fd63041d2c1bcb487cc26dd0d5f7d97098a6c","hash":"64bd98be859b161b07f6cd1b98f6a6df13b6dc38","contentHash":"9092e8731002043b068f4b925b4675ae_11.3.0"},"/home/traning/trainingbot/clone11November/Penny-Chat-Bot/server/routes/verify_user/Config.js":{"path":"/home/traning/trainingbot/clone11November/Penny-Chat-Bot/server/routes/verify_user/Config.js","statementMap":{"0":{"start":{"line":3,"column":0},"end":{"line":12,"column":2}}},"fnMap":{},"branchMap":{},"s":{"0":1},"f":{},"b":{},"_coverageSchema":"332fd63041d2c1bcb487cc26dd0d5f7d97098a6c","hash":"4e1246a0316590f77d4038e0678296cfdd827d77","contentHash":"57006d489abfd3d13460b89958327dcb_11.3.0"},"/home/traning/trainingbot/clone11November/Penny-Chat-Bot/server/log4js.js":{"path":"/home/traning/trainingbot/clone11November/Penny-Chat-Bot/server/log4js.js","statementMap":{"0":{"start":{"line":3,"column":13},"end":{"line":3,"column":30}},"1":{"start":{"line":5,"column":0},"end":{"line":8,"column":3}},"2":{"start":{"line":10,"column":13},"end":{"line":10,"column":55}},"3":{"start":{"line":11,"column":0},"end":{"line":11,"column":43}},"4":{"start":{"line":13,"column":0},"end":{"line":13,"column":24}}},"fnMap":{},"branchMap":{},"s":{"0":1,"1":1,"2":1,"3":1,"4":1},"f":{},"b":{},"_coverageSchema":"332fd63041d2c1bcb487cc26dd0d5f7d97098a6c","hash":"319b4e544d7b20330092baf9ae9576b131eff125","contentHash":"8eb94826743d4b4755aa4729a2a821bf_11.3.0"},"/home/traning/trainingbot/clone11November/Penny-Chat-Bot/server/routes/forgot_password/index.js":{"path":"/home/traning/trainingbot/clone11November/Penny-Chat-Bot/server/routes/forgot_password/index.js","statementMap":{"0":{"start":{"line":3,"column":0},"end":{"line":5,"column":3}},"1":{"start":{"line":7,"column":15},"end":{"line":7,"column":33}},"2":{"start":{"line":9,"column":16},"end":{"line":9,"column":48}},"3":{"start":{"line":11,"column":22},"end":{"line":11,"column":49}},"4":{"start":{"line":13,"column":23},"end":{"line":13,"column":62}},"5":{"start":{"line":15,"column":39},"end":{"line":15,"column":93}},"6":{"start":{"line":17,"column":13},"end":{"line":17,"column":39}},"7":{"start":{"line":19,"column":0},"end":{"line":19,"column":43}},"8":{"start":{"line":21,"column":0},"end":{"line":21,"column":25}}},"fnMap":{"0":{"name":"_interopRequireDefault","decl":{"start":{"line":15,"column":9},"end":{"line":15,"column":31}},"loc":{"start":{"line":15,"column":37},"end":{"line":15,"column":95}},"line":15}},"branchMap":{"0":{"loc":{"start":{"line":15,"column":46},"end":{"line":15,"column":92}},"type":"cond-expr","locations":[{"start":{"line":15,"column":70},"end":{"line":15,"column":73}},{"start":{"line":15,"column":76},"end":{"line":15,"column":92}}],"line":15},"1":{"loc":{"start":{"line":15,"column":46},"end":{"line":15,"column":67}},"type":"binary-expr","locations":[{"start":{"line":15,"column":46},"end":{"line":15,"column":49}},{"start":{"line":15,"column":53},"end":{"line":15,"column":67}}],"line":15}},"s":{"0":1,"1":1,"2":1,"3":1,"4":1,"5":2,"6":1,"7":1,"8":1},"f":{"0":2},"b":{"0":[0,2],"1":[2,2]},"_coverageSchema":"332fd63041d2c1bcb487cc26dd0d5f7d97098a6c","hash":"210c328aa656040d4d3fbfc7289d818a4cfcf46a","contentHash":"82dcd68e37eb367b2f0b6b6198d42322_11.3.0"},"/home/traning/trainingbot/clone11November/Penny-Chat-Bot/server/routes/forgot_password/forgotpassword.js":{"path":"/home/traning/trainingbot/clone11November/Penny-Chat-Bot/server/routes/forgot_password/forgotpassword.js","statementMap":{"0":{"start":{"line":3,"column":23},"end":{"line":3,"column":63}},"1":{"start":{"line":5,"column":24},"end":{"line":5,"column":64}},"2":{"start":{"line":7,"column":14},"end":{"line":7,"column":33}},"3":{"start":{"line":9,"column":15},"end":{"line":9,"column":46}},"4":{"start":{"line":11,"column":16},"end":{"line":11,"column":35}},"5":{"start":{"line":13,"column":17},"end":{"line":13,"column":50}},"6":{"start":{"line":15,"column":14},"end":{"line":15,"column":39}},"7":{"start":{"line":17,"column":15},"end":{"line":17,"column":46}},"8":{"start":{"line":19,"column":14},"end":{"line":19,"column":46}},"9":{"start":{"line":21,"column":15},"end":{"line":21,"column":46}},"10":{"start":{"line":23,"column":39},"end":{"line":23,"column":93}},"11":{"start":{"line":25,"column":17},"end":{"line":25,"column":38}},"12":{"start":{"line":28,"column":0},"end":{"line":85,"column":3}},"13":{"start":{"line":29,"column":2},"end":{"line":84,"column":3}},"14":{"start":{"line":31,"column":22},"end":{"line":37,"column":6}},"15":{"start":{"line":38,"column":22},"end":{"line":38,"column":24}},"16":{"start":{"line":40,"column":4},"end":{"line":79,"column":7}},"17":{"start":{"line":42,"column":6},"end":{"line":78,"column":7}},"18":{"start":{"line":44,"column":8},"end":{"line":44,"column":83}},"19":{"start":{"line":45,"column":8},"end":{"line":45,"column":98}},"20":{"start":{"line":47,"column":8},"end":{"line":77,"column":11}},"21":{"start":{"line":50,"column":10},"end":{"line":76,"column":11}},"22":{"start":{"line":52,"column":12},"end":{"line":52,"column":89}},"23":{"start":{"line":53,"column":12},"end":{"line":53,"column":104}},"24":{"start":{"line":54,"column":17},"end":{"line":76,"column":11}},"25":{"start":{"line":55,"column":12},"end":{"line":55,"column":89}},"26":{"start":{"line":56,"column":12},"end":{"line":56,"column":104}},"27":{"start":{"line":59,"column":12},"end":{"line":64,"column":14}},"28":{"start":{"line":65,"column":20},"end":{"line":65,"column":26}},"29":{"start":{"line":66,"column":12},"end":{"line":74,"column":15}},"30":{"start":{"line":67,"column":14},"end":{"line":73,"column":15}},"31":{"start":{"line":68,"column":16},"end":{"line":68,"column":95}},"32":{"start":{"line":69,"column":16},"end":{"line":69,"column":110}},"33":{"start":{"line":71,"column":16},"end":{"line":71,"column":94}},"34":{"start":{"line":72,"column":16},"end":{"line":72,"column":120}},"35":{"start":{"line":82,"column":4},"end":{"line":82,"column":61}},"36":{"start":{"line":83,"column":4},"end":{"line":83,"column":89}}},"fnMap":{"0":{"name":"_interopRequireDefault","decl":{"start":{"line":23,"column":9},"end":{"line":23,"column":31}},"loc":{"start":{"line":23,"column":37},"end":{"line":23,"column":95}},"line":23},"1":{"name":"(anonymous_1)","decl":{"start":{"line":28,"column":23},"end":{"line":28,"column":24}},"loc":{"start":{"line":28,"column":43},"end":{"line":85,"column":1}},"line":28},"2":{"name":"(anonymous_2)","decl":{"start":{"line":40,"column":64},"end":{"line":40,"column":65}},"loc":{"start":{"line":40,"column":86},"end":{"line":79,"column":5}},"line":40},"3":{"name":"(anonymous_3)","decl":{"start":{"line":48,"column":33},"end":{"line":48,"column":34}},"loc":{"start":{"line":48,"column":56},"end":{"line":77,"column":9}},"line":48},"4":{"name":"(anonymous_4)","decl":{"start":{"line":66,"column":46},"end":{"line":66,"column":47}},"loc":{"start":{"line":66,"column":69},"end":{"line":74,"column":13}},"line":66}},"branchMap":{"0":{"loc":{"start":{"line":23,"column":46},"end":{"line":23,"column":92}},"type":"cond-expr","locations":[{"start":{"line":23,"column":70},"end":{"line":23,"column":73}},{"start":{"line":23,"column":76},"end":{"line":23,"column":92}}],"line":23},"1":{"loc":{"start":{"line":23,"column":46},"end":{"line":23,"column":67}},"type":"binary-expr","locations":[{"start":{"line":23,"column":46},"end":{"line":23,"column":49}},{"start":{"line":23,"column":53},"end":{"line":23,"column":67}}],"line":23},"2":{"loc":{"start":{"line":42,"column":6},"end":{"line":78,"column":7}},"type":"if","locations":[{"start":{"line":42,"column":6},"end":{"line":78,"column":7}},{"start":{"line":42,"column":6},"end":{"line":78,"column":7}}],"line":42},"3":{"loc":{"start":{"line":50,"column":10},"end":{"line":76,"column":11}},"type":"if","locations":[{"start":{"line":50,"column":10},"end":{"line":76,"column":11}},{"start":{"line":50,"column":10},"end":{"line":76,"column":11}}],"line":50},"4":{"loc":{"start":{"line":54,"column":17},"end":{"line":76,"column":11}},"type":"if","locations":[{"start":{"line":54,"column":17},"end":{"line":76,"column":11}},{"start":{"line":54,"column":17},"end":{"line":76,"column":11}}],"line":54},"5":{"loc":{"start":{"line":67,"column":14},"end":{"line":73,"column":15}},"type":"if","locations":[{"start":{"line":67,"column":14},"end":{"line":73,"column":15}},{"start":{"line":67,"column":14},"end":{"line":73,"column":15}}],"line":67}},"s":{"0":1,"1":1,"2":1,"3":1,"4":1,"5":1,"6":1,"7":1,"8":1,"9":1,"10":5,"11":1,"12":1,"13":0,"14":0,"15":0,"16":0,"17":0,"18":0,"19":0,"20":0,"21":0,"22":0,"23":0,"24":0,"25":0,"26":0,"27":0,"28":0,"29":0,"30":0,"31":0,"32":0,"33":0,"34":0,"35":0,"36":0},"f":{"0":5,"1":0,"2":0,"3":0,"4":0},"b":{"0":[0,5],"1":[5,5],"2":[0,0],"3":[0,0],"4":[0,0],"5":[0,0]},"_coverageSchema":"332fd63041d2c1bcb487cc26dd0d5f7d97098a6c","hash":"72fea8d8031d5434635d9362dfdfa8e1e340508b","contentHash":"292ef4c56e7458e5c08a852cc3cfd53e_11.3.0"},"/home/traning/trainingbot/clone11November/Penny-Chat-Bot/server/routes/forgot_password/Config.js":{"path":"/home/traning/trainingbot/clone11November/Penny-Chat-Bot/server/routes/forgot_password/Config.js","statementMap":{"0":{"start":{"line":3,"column":0},"end":{"line":20,"column":2}}},"fnMap":{},"branchMap":{},"s":{"0":1},"f":{},"b":{},"_coverageSchema":"332fd63041d2c1bcb487cc26dd0d5f7d97098a6c","hash":"6424588559a1d26c94edcf5c3a93ee9aeeff5503","contentHash":"4f2af9085da07d5152133657d0b2a6a7_11.3.0"},"/home/traning/trainingbot/clone11November/Penny-Chat-Bot/server/config/config.js":{"path":"/home/traning/trainingbot/clone11November/Penny-Chat-Bot/server/config/config.js","statementMap":{"0":{"start":{"line":3,"column":0},"end":{"line":14,"column":2}}},"fnMap":{},"branchMap":{},"s":{"0":1},"f":{},"b":{},"_coverageSchema":"332fd63041d2c1bcb487cc26dd0d5f7d97098a6c","hash":"2bc3370ea8d8bde483107d1a98f1c6a9a6cdcb05","contentHash":"29df73b029430d3f28b584555d592989_11.3.0"},"/home/traning/trainingbot/clone11November/Penny-Chat-Bot/server/routes/setpassword/index.js":{"path":"/home/traning/trainingbot/clone11November/Penny-Chat-Bot/server/routes/setpassword/index.js","statementMap":{"0":{"start":{"line":3,"column":0},"end":{"line":5,"column":3}},"1":{"start":{"line":7,"column":15},"end":{"line":7,"column":33}},"2":{"start":{"line":9,"column":16},"end":{"line":9,"column":48}},"3":{"start":{"line":11,"column":20},"end":{"line":11,"column":45}},"4":{"start":{"line":13,"column":21},"end":{"line":13,"column":58}},"5":{"start":{"line":15,"column":39},"end":{"line":15,"column":93}},"6":{"start":{"line":20,"column":13},"end":{"line":20,"column":39}},"7":{"start":{"line":23,"column":0},"end":{"line":23,"column":53}},"8":{"start":{"line":25,"column":0},"end":{"line":25,"column":25}}},"fnMap":{"0":{"name":"_interopRequireDefault","decl":{"start":{"line":15,"column":9},"end":{"line":15,"column":31}},"loc":{"start":{"line":15,"column":37},"end":{"line":15,"column":95}},"line":15}},"branchMap":{"0":{"loc":{"start":{"line":15,"column":46},"end":{"line":15,"column":92}},"type":"cond-expr","locations":[{"start":{"line":15,"column":70},"end":{"line":15,"column":73}},{"start":{"line":15,"column":76},"end":{"line":15,"column":92}}],"line":15},"1":{"loc":{"start":{"line":15,"column":46},"end":{"line":15,"column":67}},"type":"binary-expr","locations":[{"start":{"line":15,"column":46},"end":{"line":15,"column":49}},{"start":{"line":15,"column":53},"end":{"line":15,"column":67}}],"line":15}},"s":{"0":1,"1":1,"2":1,"3":1,"4":1,"5":2,"6":1,"7":1,"8":1},"f":{"0":2},"b":{"0":[1,1],"1":[2,2]},"_coverageSchema":"332fd63041d2c1bcb487cc26dd0d5f7d97098a6c","hash":"6afca90813559ef16eeb1a4819682306c5db59fe","contentHash":"f35a69f3de7e2851444f0c00ee3b4ada_11.3.0"},"/home/traning/trainingbot/clone11November/Penny-Chat-Bot/server/routes/setpassword/set_password.js":{"path":"/home/traning/trainingbot/clone11November/Penny-Chat-Bot/server/routes/setpassword/set_password.js","statementMap":{"0":{"start":{"line":3,"column":0},"end":{"line":5,"column":3}},"1":{"start":{"line":7,"column":15},"end":{"line":7,"column":33}},"2":{"start":{"line":9,"column":16},"end":{"line":9,"column":48}},"3":{"start":{"line":11,"column":23},"end":{"line":11,"column":61}},"4":{"start":{"line":13,"column":24},"end":{"line":13,"column":64}},"5":{"start":{"line":15,"column":14},"end":{"line":15,"column":33}},"6":{"start":{"line":17,"column":15},"end":{"line":17,"column":46}},"7":{"start":{"line":19,"column":14},"end":{"line":19,"column":37}},"8":{"start":{"line":21,"column":15},"end":{"line":21,"column":46}},"9":{"start":{"line":23,"column":14},"end":{"line":23,"column":31}},"10":{"start":{"line":25,"column":15},"end":{"line":25,"column":46}},"11":{"start":{"line":27,"column":39},"end":{"line":27,"column":93}},"12":{"start":{"line":31,"column":0},"end":{"line":73,"column":2}},"13":{"start":{"line":32,"column":2},"end":{"line":72,"column":3}},"14":{"start":{"line":35,"column":4},"end":{"line":68,"column":7}},"15":{"start":{"line":37,"column":6},"end":{"line":67,"column":9}},"16":{"start":{"line":39,"column":8},"end":{"line":39,"column":77}},"17":{"start":{"line":40,"column":8},"end":{"line":40,"column":77}},"18":{"start":{"line":41,"column":13},"end":{"line":67,"column":9}},"19":{"start":{"line":43,"column":8},"end":{"line":43,"column":77}},"20":{"start":{"line":44,"column":8},"end":{"line":44,"column":110}},"21":{"start":{"line":47,"column":11},"end":{"line":67,"column":9}},"22":{"start":{"line":49,"column":25},"end":{"line":49,"column":42}},"23":{"start":{"line":50,"column":21},"end":{"line":50,"column":51}},"24":{"start":{"line":51,"column":21},"end":{"line":51,"column":62}},"25":{"start":{"line":52,"column":10},"end":{"line":63,"column":13}},"26":{"start":{"line":53,"column":12},"end":{"line":62,"column":13}},"27":{"start":{"line":54,"column":14},"end":{"line":54,"column":83}},"28":{"start":{"line":55,"column":14},"end":{"line":55,"column":83}},"29":{"start":{"line":56,"column":19},"end":{"line":62,"column":13}},"30":{"start":{"line":57,"column":14},"end":{"line":57,"column":83}},"31":{"start":{"line":58,"column":14},"end":{"line":58,"column":110}},"32":{"start":{"line":60,"column":14},"end":{"line":60,"column":83}},"33":{"start":{"line":61,"column":14},"end":{"line":61,"column":118}},"34":{"start":{"line":65,"column":10},"end":{"line":65,"column":78}},"35":{"start":{"line":66,"column":10},"end":{"line":66,"column":93}},"36":{"start":{"line":70,"column":4},"end":{"line":70,"column":61}},"37":{"start":{"line":71,"column":4},"end":{"line":71,"column":89}}},"fnMap":{"0":{"name":"_interopRequireDefault","decl":{"start":{"line":27,"column":9},"end":{"line":27,"column":31}},"loc":{"start":{"line":27,"column":37},"end":{"line":27,"column":95}},"line":27},"1":{"name":"(anonymous_1)","decl":{"start":{"line":31,"column":18},"end":{"line":31,"column":19}},"loc":{"start":{"line":31,"column":38},"end":{"line":73,"column":1}},"line":31},"2":{"name":"(anonymous_2)","decl":{"start":{"line":35,"column":59},"end":{"line":35,"column":60}},"loc":{"start":{"line":35,"column":80},"end":{"line":68,"column":5}},"line":35},"3":{"name":"(anonymous_3)","decl":{"start":{"line":52,"column":111},"end":{"line":52,"column":112}},"loc":{"start":{"line":52,"column":133},"end":{"line":63,"column":11}},"line":52}},"branchMap":{"0":{"loc":{"start":{"line":27,"column":46},"end":{"line":27,"column":92}},"type":"cond-expr","locations":[{"start":{"line":27,"column":70},"end":{"line":27,"column":73}},{"start":{"line":27,"column":76},"end":{"line":27,"column":92}}],"line":27},"1":{"loc":{"start":{"line":27,"column":46},"end":{"line":27,"column":67}},"type":"binary-expr","locations":[{"start":{"line":27,"column":46},"end":{"line":27,"column":49}},{"start":{"line":27,"column":53},"end":{"line":27,"column":67}}],"line":27},"2":{"loc":{"start":{"line":37,"column":6},"end":{"line":67,"column":9}},"type":"if","locations":[{"start":{"line":37,"column":6},"end":{"line":67,"column":9}},{"start":{"line":37,"column":6},"end":{"line":67,"column":9}}],"line":37},"3":{"loc":{"start":{"line":41,"column":13},"end":{"line":67,"column":9}},"type":"if","locations":[{"start":{"line":41,"column":13},"end":{"line":67,"column":9}},{"start":{"line":41,"column":13},"end":{"line":67,"column":9}}],"line":41},"4":{"loc":{"start":{"line":47,"column":11},"end":{"line":67,"column":9}},"type":"if","locations":[{"start":{"line":47,"column":11},"end":{"line":67,"column":9}},{"start":{"line":47,"column":11},"end":{"line":67,"column":9}}],"line":47},"5":{"loc":{"start":{"line":53,"column":12},"end":{"line":62,"column":13}},"type":"if","locations":[{"start":{"line":53,"column":12},"end":{"line":62,"column":13}},{"start":{"line":53,"column":12},"end":{"line":62,"column":13}}],"line":53},"6":{"loc":{"start":{"line":56,"column":19},"end":{"line":62,"column":13}},"type":"if","locations":[{"start":{"line":56,"column":19},"end":{"line":62,"column":13}},{"start":{"line":56,"column":19},"end":{"line":62,"column":13}}],"line":56}},"s":{"0":1,"1":1,"2":1,"3":1,"4":1,"5":1,"6":1,"7":1,"8":1,"9":1,"10":1,"11":5,"12":1,"13":0,"14":0,"15":0,"16":0,"17":0,"18":0,"19":0,"20":0,"21":0,"22":0,"23":0,"24":0,"25":0,"26":0,"27":0,"28":0,"29":0,"30":0,"31":0,"32":0,"33":0,"34":0,"35":0,"36":0,"37":0},"f":{"0":5,"1":0,"2":0,"3":0},"b":{"0":[0,5],"1":[5,5],"2":[0,0],"3":[0,0],"4":[0,0],"5":[0,0],"6":[0,0]},"_coverageSchema":"332fd63041d2c1bcb487cc26dd0d5f7d97098a6c","hash":"fbe5f2a688fb68b5002d834d245d21e221724b3d","contentHash":"fb7eb20e9f05b6a9d5363a2344c3171d_11.3.0"},"/home/traning/trainingbot/clone11November/Penny-Chat-Bot/server/routes/setpassword/Config.js":{"path":"/home/traning/trainingbot/clone11November/Penny-Chat-Bot/server/routes/setpassword/Config.js","statementMap":{"0":{"start":{"line":3,"column":0},"end":{"line":11,"column":2}}},"fnMap":{},"branchMap":{},"s":{"0":1},"f":{},"b":{},"_coverageSchema":"332fd63041d2c1bcb487cc26dd0d5f7d97098a6c","hash":"1f0b4b2c549a1c9fdf27e389785ab23edacaa304","contentHash":"539cad8f1c4168e77b8b15c265e9e625_11.3.0"},"/home/traning/trainingbot/clone11November/Penny-Chat-Bot/server/routes/warning_page/index.js":{"path":"/home/traning/trainingbot/clone11November/Penny-Chat-Bot/server/routes/warning_page/index.js","statementMap":{"0":{"start":{"line":3,"column":0},"end":{"line":5,"column":3}},"1":{"start":{"line":7,"column":15},"end":{"line":7,"column":33}},"2":{"start":{"line":9,"column":16},"end":{"line":9,"column":48}},"3":{"start":{"line":11,"column":20},"end":{"line":11,"column":45}},"4":{"start":{"line":13,"column":21},"end":{"line":13,"column":58}},"5":{"start":{"line":15,"column":39},"end":{"line":15,"column":93}},"6":{"start":{"line":17,"column":13},"end":{"line":17,"column":39}},"7":{"start":{"line":19,"column":0},"end":{"line":19,"column":43}},"8":{"start":{"line":20,"column":0},"end":{"line":20,"column":25}}},"fnMap":{"0":{"name":"_interopRequireDefault","decl":{"start":{"line":15,"column":9},"end":{"line":15,"column":31}},"loc":{"start":{"line":15,"column":37},"end":{"line":15,"column":95}},"line":15}},"branchMap":{"0":{"loc":{"start":{"line":15,"column":46},"end":{"line":15,"column":92}},"type":"cond-expr","locations":[{"start":{"line":15,"column":70},"end":{"line":15,"column":73}},{"start":{"line":15,"column":76},"end":{"line":15,"column":92}}],"line":15},"1":{"loc":{"start":{"line":15,"column":46},"end":{"line":15,"column":67}},"type":"binary-expr","locations":[{"start":{"line":15,"column":46},"end":{"line":15,"column":49}},{"start":{"line":15,"column":53},"end":{"line":15,"column":67}}],"line":15}},"s":{"0":1,"1":1,"2":1,"3":1,"4":1,"5":2,"6":1,"7":1,"8":1},"f":{"0":2},"b":{"0":[0,2],"1":[2,2]},"_coverageSchema":"332fd63041d2c1bcb487cc26dd0d5f7d97098a6c","hash":"0625e617a4537d5df24c0c7a2f1dfc01173bb7ac","contentHash":"1812aa6e5d0413b3aebe7261ccaf6230_11.3.0"},"/home/traning/trainingbot/clone11November/Penny-Chat-Bot/server/routes/warning_page/warning_page.js":{"path":"/home/traning/trainingbot/clone11November/Penny-Chat-Bot/server/routes/warning_page/warning_page.js","statementMap":{"0":{"start":{"line":3,"column":23},"end":{"line":3,"column":61}},"1":{"start":{"line":5,"column":24},"end":{"line":5,"column":64}},"2":{"start":{"line":7,"column":14},"end":{"line":7,"column":33}},"3":{"start":{"line":9,"column":15},"end":{"line":9,"column":46}},"4":{"start":{"line":11,"column":15},"end":{"line":11,"column":33}},"5":{"start":{"line":13,"column":16},"end":{"line":13,"column":48}},"6":{"start":{"line":15,"column":14},"end":{"line":15,"column":37}},"7":{"start":{"line":17,"column":15},"end":{"line":17,"column":46}},"8":{"start":{"line":19,"column":39},"end":{"line":19,"column":93}},"9":{"start":{"line":23,"column":0},"end":{"line":60,"column":2}},"10":{"start":{"line":24,"column":2},"end":{"line":59,"column":3}},"11":{"start":{"line":25,"column":4},"end":{"line":54,"column":7}},"12":{"start":{"line":26,"column":6},"end":{"line":53,"column":9}},"13":{"start":{"line":27,"column":8},"end":{"line":27,"column":81}},"14":{"start":{"line":28,"column":8},"end":{"line":28,"column":93}},"15":{"start":{"line":30,"column":13},"end":{"line":53,"column":9}},"16":{"start":{"line":31,"column":8},"end":{"line":31,"column":92}},"17":{"start":{"line":32,"column":8},"end":{"line":32,"column":104}},"18":{"start":{"line":35,"column":11},"end":{"line":53,"column":9}},"19":{"start":{"line":36,"column":10},"end":{"line":48,"column":11}},"20":{"start":{"line":38,"column":14},"end":{"line":38,"column":84}},"21":{"start":{"line":39,"column":14},"end":{"line":39,"column":96}},"22":{"start":{"line":42,"column":12},"end":{"line":47,"column":15}},"23":{"start":{"line":44,"column":14},"end":{"line":44,"column":96}},"24":{"start":{"line":45,"column":14},"end":{"line":45,"column":117}},"25":{"start":{"line":50,"column":10},"end":{"line":50,"column":92}},"26":{"start":{"line":51,"column":10},"end":{"line":51,"column":111}},"27":{"start":{"line":57,"column":4},"end":{"line":57,"column":61}},"28":{"start":{"line":58,"column":4},"end":{"line":58,"column":89}}},"fnMap":{"0":{"name":"_interopRequireDefault","decl":{"start":{"line":19,"column":9},"end":{"line":19,"column":31}},"loc":{"start":{"line":19,"column":37},"end":{"line":19,"column":95}},"line":19},"1":{"name":"(anonymous_1)","decl":{"start":{"line":23,"column":17},"end":{"line":23,"column":18}},"loc":{"start":{"line":23,"column":37},"end":{"line":60,"column":1}},"line":23},"2":{"name":"(anonymous_2)","decl":{"start":{"line":25,"column":59},"end":{"line":25,"column":60}},"loc":{"start":{"line":25,"column":81},"end":{"line":54,"column":5}},"line":25},"3":{"name":"(anonymous_3)","decl":{"start":{"line":42,"column":67},"end":{"line":42,"column":68}},"loc":{"start":{"line":42,"column":88},"end":{"line":47,"column":13}},"line":42}},"branchMap":{"0":{"loc":{"start":{"line":19,"column":46},"end":{"line":19,"column":92}},"type":"cond-expr","locations":[{"start":{"line":19,"column":70},"end":{"line":19,"column":73}},{"start":{"line":19,"column":76},"end":{"line":19,"column":92}}],"line":19},"1":{"loc":{"start":{"line":19,"column":46},"end":{"line":19,"column":67}},"type":"binary-expr","locations":[{"start":{"line":19,"column":46},"end":{"line":19,"column":49}},{"start":{"line":19,"column":53},"end":{"line":19,"column":67}}],"line":19},"2":{"loc":{"start":{"line":26,"column":6},"end":{"line":53,"column":9}},"type":"if","locations":[{"start":{"line":26,"column":6},"end":{"line":53,"column":9}},{"start":{"line":26,"column":6},"end":{"line":53,"column":9}}],"line":26},"3":{"loc":{"start":{"line":30,"column":13},"end":{"line":53,"column":9}},"type":"if","locations":[{"start":{"line":30,"column":13},"end":{"line":53,"column":9}},{"start":{"line":30,"column":13},"end":{"line":53,"column":9}}],"line":30},"4":{"loc":{"start":{"line":35,"column":11},"end":{"line":53,"column":9}},"type":"if","locations":[{"start":{"line":35,"column":11},"end":{"line":53,"column":9}},{"start":{"line":35,"column":11},"end":{"line":53,"column":9}}],"line":35},"5":{"loc":{"start":{"line":36,"column":10},"end":{"line":48,"column":11}},"type":"if","locations":[{"start":{"line":36,"column":10},"end":{"line":48,"column":11}},{"start":{"line":36,"column":10},"end":{"line":48,"column":11}}],"line":36}},"s":{"0":1,"1":1,"2":1,"3":1,"4":1,"5":1,"6":1,"7":1,"8":4,"9":1,"10":0,"11":0,"12":0,"13":0,"14":0,"15":0,"16":0,"17":0,"18":0,"19":0,"20":0,"21":0,"22":0,"23":0,"24":0,"25":0,"26":0,"27":0,"28":0},"f":{"0":4,"1":0,"2":0,"3":0},"b":{"0":[0,4],"1":[4,4],"2":[0,0],"3":[0,0],"4":[0,0],"5":[0,0]},"_coverageSchema":"332fd63041d2c1bcb487cc26dd0d5f7d97098a6c","hash":"220130f1c2e77fd4648c7867f00109ec525f1f39","contentHash":"d619bc01b0ec141865ec5135f788f41c_11.3.0"},"/home/traning/trainingbot/clone11November/Penny-Chat-Bot/server/routes/warning_page/Config.js":{"path":"/home/traning/trainingbot/clone11November/Penny-Chat-Bot/server/routes/warning_page/Config.js","statementMap":{"0":{"start":{"line":3,"column":0},"end":{"line":11,"column":2}}},"fnMap":{},"branchMap":{},"s":{"0":1},"f":{},"b":{},"_coverageSchema":"332fd63041d2c1bcb487cc26dd0d5f7d97098a6c","hash":"e5673ed2467b4fa74460ac6ed9a1f6b8882ff019","contentHash":"a5b33734abe4172f0d96aa0fa509353b_11.3.0"},"/home/traning/trainingbot/clone11November/Penny-Chat-Bot/server/routes/neo/neo4j.js":{"path":"/home/traning/trainingbot/clone11November/Penny-Chat-Bot/server/routes/neo/neo4j.js","statementMap":{"0":{"start":{"line":3,"column":0},"end":{"line":5,"column":3}},"1":{"start":{"line":7,"column":15},"end":{"line":7,"column":33}},"2":{"start":{"line":9,"column":16},"end":{"line":9,"column":48}},"3":{"start":{"line":11,"column":14},"end":{"line":11,"column":37}},"4":{"start":{"line":13,"column":15},"end":{"line":13,"column":46}},"5":{"start":{"line":15,"column":17},"end":{"line":15,"column":37}},"6":{"start":{"line":17,"column":18},"end":{"line":17,"column":52}},"7":{"start":{"line":19,"column":19},"end":{"line":19,"column":41}},"8":{"start":{"line":21,"column":20},"end":{"line":21,"column":56}},"9":{"start":{"line":23,"column":16},"end":{"line":23,"column":35}},"10":{"start":{"line":25,"column":17},"end":{"line":25,"column":50}},"11":{"start":{"line":27,"column":15},"end":{"line":27,"column":33}},"12":{"start":{"line":29,"column":16},"end":{"line":29,"column":48}},"13":{"start":{"line":31,"column":12},"end":{"line":31,"column":33}},"14":{"start":{"line":33,"column":13},"end":{"line":33,"column":42}},"15":{"start":{"line":35,"column":11},"end":{"line":35,"column":25}},"16":{"start":{"line":37,"column":12},"end":{"line":37,"column":40}},"17":{"start":{"line":39,"column":11},"end":{"line":39,"column":25}},"18":{"start":{"line":41,"column":12},"end":{"line":41,"column":40}},"19":{"start":{"line":43,"column":19},"end":{"line":43,"column":42}},"20":{"start":{"line":45,"column":20},"end":{"line":45,"column":56}},"21":{"start":{"line":47,"column":14},"end":{"line":47,"column":44}},"22":{"start":{"line":49,"column":15},"end":{"line":49,"column":46}},"23":{"start":{"line":51,"column":14},"end":{"line":51,"column":33}},"24":{"start":{"line":53,"column":15},"end":{"line":53,"column":46}},"25":{"start":{"line":55,"column":39},"end":{"line":55,"column":93}},"26":{"start":{"line":57,"column":10},"end":{"line":57,"column":35}},"27":{"start":{"line":60,"column":13},"end":{"line":60,"column":124}},"28":{"start":{"line":62,"column":11},"end":{"line":62,"column":27}},"29":{"start":{"line":64,"column":0},"end":{"line":245,"column":2}},"30":{"start":{"line":65,"column":2},"end":{"line":244,"column":3}},"31":{"start":{"line":66,"column":27},"end":{"line":72,"column":5}},"32":{"start":{"line":73,"column":18},"end":{"line":73,"column":48}},"33":{"start":{"line":74,"column":18},"end":{"line":74,"column":24}},"34":{"start":{"line":75,"column":20},"end":{"line":75,"column":22}},"35":{"start":{"line":76,"column":19},"end":{"line":76,"column":25}},"36":{"start":{"line":77,"column":27},"end":{"line":77,"column":29}},"37":{"start":{"line":78,"column":19},"end":{"line":78,"column":21}},"38":{"start":{"line":79,"column":16},"end":{"line":79,"column":22}},"39":{"start":{"line":80,"column":4},"end":{"line":80,"column":48}},"40":{"start":{"line":81,"column":16},"end":{"line":81,"column":53}},"41":{"start":{"line":82,"column":4},"end":{"line":87,"column":7}},"42":{"start":{"line":83,"column":6},"end":{"line":83,"column":23}},"43":{"start":{"line":84,"column":6},"end":{"line":84,"column":28}},"44":{"start":{"line":85,"column":6},"end":{"line":85,"column":21}},"45":{"start":{"line":86,"column":6},"end":{"line":86,"column":23}},"46":{"start":{"line":88,"column":23},"end":{"line":92,"column":5}},"47":{"start":{"line":89,"column":6},"end":{"line":91,"column":9}},"48":{"start":{"line":90,"column":8},"end":{"line":90,"column":34}},"49":{"start":{"line":93,"column":25},"end":{"line":107,"column":5}},"50":{"start":{"line":94,"column":6},"end":{"line":94,"column":52}},"51":{"start":{"line":95,"column":6},"end":{"line":95,"column":38}},"52":{"start":{"line":96,"column":22},"end":{"line":96,"column":72}},"53":{"start":{"line":97,"column":6},"end":{"line":106,"column":7}},"54":{"start":{"line":99,"column":8},"end":{"line":99,"column":32}},"55":{"start":{"line":100,"column":8},"end":{"line":100,"column":36}},"56":{"start":{"line":103,"column":8},"end":{"line":103,"column":29}},"57":{"start":{"line":104,"column":8},"end":{"line":104,"column":32}},"58":{"start":{"line":105,"column":8},"end":{"line":105,"column":37}},"59":{"start":{"line":108,"column":17},"end":{"line":122,"column":5}},"60":{"start":{"line":110,"column":24},"end":{"line":110,"column":26}},"61":{"start":{"line":111,"column":6},"end":{"line":121,"column":7}},"62":{"start":{"line":112,"column":21},"end":{"line":112,"column":45}},"63":{"start":{"line":113,"column":21},"end":{"line":113,"column":46}},"64":{"start":{"line":114,"column":8},"end":{"line":120,"column":9}},"65":{"start":{"line":115,"column":10},"end":{"line":118,"column":11}},"66":{"start":{"line":116,"column":12},"end":{"line":116,"column":46}},"67":{"start":{"line":117,"column":12},"end":{"line":117,"column":54}},"68":{"start":{"line":119,"column":10},"end":{"line":119,"column":27}},"69":{"start":{"line":123,"column":23},"end":{"line":129,"column":5}},"70":{"start":{"line":125,"column":6},"end":{"line":125,"column":47}},"71":{"start":{"line":126,"column":6},"end":{"line":128,"column":9}},"72":{"start":{"line":127,"column":8},"end":{"line":127,"column":46}},"73":{"start":{"line":130,"column":25},"end":{"line":155,"column":5}},"74":{"start":{"line":132,"column":22},"end":{"line":132,"column":47}},"75":{"start":{"line":133,"column":28},"end":{"line":133,"column":30}},"76":{"start":{"line":134,"column":21},"end":{"line":134,"column":23}},"77":{"start":{"line":135,"column":6},"end":{"line":137,"column":9}},"78":{"start":{"line":136,"column":8},"end":{"line":136,"column":29}},"79":{"start":{"line":138,"column":6},"end":{"line":140,"column":9}},"80":{"start":{"line":139,"column":8},"end":{"line":139,"column":29}},"81":{"start":{"line":141,"column":6},"end":{"line":143,"column":9}},"82":{"start":{"line":142,"column":8},"end":{"line":142,"column":29}},"83":{"start":{"line":145,"column":6},"end":{"line":145,"column":70}},"84":{"start":{"line":146,"column":6},"end":{"line":146,"column":110}},"85":{"start":{"line":147,"column":18},"end":{"line":147,"column":35}},"86":{"start":{"line":148,"column":6},"end":{"line":150,"column":9}},"87":{"start":{"line":149,"column":8},"end":{"line":149,"column":35}},"88":{"start":{"line":152,"column":6},"end":{"line":152,"column":37}},"89":{"start":{"line":154,"column":6},"end":{"line":154,"column":35}},"90":{"start":{"line":156,"column":18},"end":{"line":169,"column":5}},"91":{"start":{"line":158,"column":18},"end":{"line":158,"column":20}},"92":{"start":{"line":159,"column":18},"end":{"line":159,"column":56}},"93":{"start":{"line":160,"column":19},"end":{"line":160,"column":45}},"94":{"start":{"line":161,"column":20},"end":{"line":161,"column":37}},"95":{"start":{"line":162,"column":6},"end":{"line":167,"column":7}},"96":{"start":{"line":163,"column":25},"end":{"line":163,"column":35}},"97":{"start":{"line":164,"column":8},"end":{"line":166,"column":9}},"98":{"start":{"line":165,"column":10},"end":{"line":165,"column":36}},"99":{"start":{"line":168,"column":6},"end":{"line":168,"column":19}},"100":{"start":{"line":170,"column":22},"end":{"line":200,"column":5}},"101":{"start":{"line":172,"column":16},"end":{"line":172,"column":17}},"102":{"start":{"line":173,"column":17},"end":{"line":173,"column":18}},"103":{"start":{"line":175,"column":6},"end":{"line":199,"column":9}},"104":{"start":{"line":176,"column":19},"end":{"line":176,"column":20}},"105":{"start":{"line":177,"column":8},"end":{"line":177,"column":32}},"106":{"start":{"line":178,"column":19},"end":{"line":178,"column":120}},"107":{"start":{"line":179,"column":8},"end":{"line":198,"column":11}},"108":{"start":{"line":180,"column":10},"end":{"line":180,"column":17}},"109":{"start":{"line":181,"column":21},"end":{"line":183,"column":11}},"110":{"start":{"line":185,"column":10},"end":{"line":194,"column":11}},"111":{"start":{"line":186,"column":12},"end":{"line":190,"column":15}},"112":{"start":{"line":187,"column":14},"end":{"line":189,"column":15}},"113":{"start":{"line":188,"column":16},"end":{"line":188,"column":23}},"114":{"start":{"line":191,"column":12},"end":{"line":193,"column":13}},"115":{"start":{"line":192,"column":14},"end":{"line":192,"column":39}},"116":{"start":{"line":195,"column":10},"end":{"line":195,"column":26}},"117":{"start":{"line":197,"column":10},"end":{"line":197,"column":21}},"118":{"start":{"line":202,"column":20},"end":{"line":214,"column":5}},"119":{"start":{"line":204,"column":6},"end":{"line":213,"column":7}},"120":{"start":{"line":206,"column":8},"end":{"line":212,"column":9}},"121":{"start":{"line":207,"column":10},"end":{"line":207,"column":75}},"122":{"start":{"line":208,"column":10},"end":{"line":208,"column":101}},"123":{"start":{"line":211,"column":10},"end":{"line":211,"column":33}},"124":{"start":{"line":215,"column":23},"end":{"line":239,"column":5}},"125":{"start":{"line":217,"column":19},"end":{"line":217,"column":21}},"126":{"start":{"line":218,"column":20},"end":{"line":218,"column":22}},"127":{"start":{"line":220,"column":6},"end":{"line":236,"column":9}},"128":{"start":{"line":221,"column":21},"end":{"line":225,"column":9}},"129":{"start":{"line":226,"column":8},"end":{"line":235,"column":9}},"130":{"start":{"line":227,"column":10},"end":{"line":227,"column":53}},"131":{"start":{"line":228,"column":10},"end":{"line":228,"column":59}},"132":{"start":{"line":229,"column":10},"end":{"line":229,"column":63}},"133":{"start":{"line":230,"column":10},"end":{"line":230,"column":30}},"134":{"start":{"line":232,"column":10},"end":{"line":232,"column":53}},"135":{"start":{"line":233,"column":10},"end":{"line":233,"column":59}},"136":{"start":{"line":234,"column":10},"end":{"line":234,"column":31}},"137":{"start":{"line":238,"column":6},"end":{"line":238,"column":53}},"138":{"start":{"line":242,"column":4},"end":{"line":242,"column":54}},"139":{"start":{"line":243,"column":4},"end":{"line":243,"column":82}}},"fnMap":{"0":{"name":"_interopRequireDefault","decl":{"start":{"line":55,"column":9},"end":{"line":55,"column":31}},"loc":{"start":{"line":55,"column":37},"end":{"line":55,"column":95}},"line":55},"1":{"name":"(anonymous_1)","decl":{"start":{"line":64,"column":18},"end":{"line":64,"column":19}},"loc":{"start":{"line":64,"column":38},"end":{"line":245,"column":1}},"line":64},"2":{"name":"(anonymous_2)","decl":{"start":{"line":82,"column":40},"end":{"line":82,"column":41}},"loc":{"start":{"line":82,"column":84},"end":{"line":87,"column":5}},"line":82},"3":{"name":"setcorrected","decl":{"start":{"line":88,"column":32},"end":{"line":88,"column":44}},"loc":{"start":{"line":88,"column":47},"end":{"line":92,"column":5}},"line":88},"4":{"name":"(anonymous_4)","decl":{"start":{"line":89,"column":18},"end":{"line":89,"column":19}},"loc":{"start":{"line":89,"column":34},"end":{"line":91,"column":7}},"line":89},"5":{"name":"spellcorrected","decl":{"start":{"line":93,"column":34},"end":{"line":93,"column":48}},"loc":{"start":{"line":93,"column":51},"end":{"line":107,"column":5}},"line":93},"6":{"name":"ngrams","decl":{"start":{"line":108,"column":26},"end":{"line":108,"column":32}},"loc":{"start":{"line":108,"column":35},"end":{"line":122,"column":5}},"line":108},"7":{"name":"stemsentence","decl":{"start":{"line":123,"column":32},"end":{"line":123,"column":44}},"loc":{"start":{"line":123,"column":56},"end":{"line":129,"column":5}},"line":123},"8":{"name":"(anonymous_8)","decl":{"start":{"line":126,"column":20},"end":{"line":126,"column":21}},"loc":{"start":{"line":126,"column":40},"end":{"line":128,"column":7}},"line":126},"9":{"name":"singlesentence","decl":{"start":{"line":130,"column":34},"end":{"line":130,"column":48}},"loc":{"start":{"line":130,"column":60},"end":{"line":155,"column":5}},"line":130},"10":{"name":"(anonymous_10)","decl":{"start":{"line":135,"column":20},"end":{"line":135,"column":21}},"loc":{"start":{"line":135,"column":36},"end":{"line":137,"column":7}},"line":135},"11":{"name":"(anonymous_11)","decl":{"start":{"line":138,"column":19},"end":{"line":138,"column":20}},"loc":{"start":{"line":138,"column":35},"end":{"line":140,"column":7}},"line":138},"12":{"name":"(anonymous_12)","decl":{"start":{"line":141,"column":27},"end":{"line":141,"column":28}},"loc":{"start":{"line":141,"column":43},"end":{"line":143,"column":7}},"line":141},"13":{"name":"(anonymous_13)","decl":{"start":{"line":148,"column":16},"end":{"line":148,"column":17}},"loc":{"start":{"line":148,"column":32},"end":{"line":150,"column":7}},"line":148},"14":{"name":"posword","decl":{"start":{"line":156,"column":27},"end":{"line":156,"column":34}},"loc":{"start":{"line":156,"column":45},"end":{"line":169,"column":5}},"line":156},"15":{"name":"findcontent","decl":{"start":{"line":170,"column":31},"end":{"line":170,"column":42}},"loc":{"start":{"line":170,"column":60},"end":{"line":200,"column":5}},"line":170},"16":{"name":"(anonymous_16)","decl":{"start":{"line":175,"column":26},"end":{"line":175,"column":27}},"loc":{"start":{"line":175,"column":46},"end":{"line":199,"column":7}},"line":175},"17":{"name":"(anonymous_17)","decl":{"start":{"line":179,"column":18},"end":{"line":179,"column":19}},"loc":{"start":{"line":179,"column":36},"end":{"line":196,"column":9}},"line":179},"18":{"name":"(anonymous_18)","decl":{"start":{"line":186,"column":25},"end":{"line":186,"column":26}},"loc":{"start":{"line":186,"column":41},"end":{"line":190,"column":13}},"line":186},"19":{"name":"(anonymous_19)","decl":{"start":{"line":196,"column":11},"end":{"line":196,"column":12}},"loc":{"start":{"line":196,"column":26},"end":{"line":198,"column":9}},"line":196},"20":{"name":"checktemp","decl":{"start":{"line":202,"column":29},"end":{"line":202,"column":38}},"loc":{"start":{"line":202,"column":45},"end":{"line":214,"column":5}},"line":202},"21":{"name":"giveresponse","decl":{"start":{"line":215,"column":32},"end":{"line":215,"column":44}},"loc":{"start":{"line":215,"column":51},"end":{"line":239,"column":5}},"line":215},"22":{"name":"(anonymous_22)","decl":{"start":{"line":220,"column":15},"end":{"line":220,"column":16}},"loc":{"start":{"line":220,"column":31},"end":{"line":236,"column":7}},"line":220}},"branchMap":{"0":{"loc":{"start":{"line":55,"column":46},"end":{"line":55,"column":92}},"type":"cond-expr","locations":[{"start":{"line":55,"column":70},"end":{"line":55,"column":73}},{"start":{"line":55,"column":76},"end":{"line":55,"column":92}}],"line":55},"1":{"loc":{"start":{"line":55,"column":46},"end":{"line":55,"column":67}},"type":"binary-expr","locations":[{"start":{"line":55,"column":46},"end":{"line":55,"column":49}},{"start":{"line":55,"column":53},"end":{"line":55,"column":67}}],"line":55},"2":{"loc":{"start":{"line":97,"column":6},"end":{"line":106,"column":7}},"type":"if","locations":[{"start":{"line":97,"column":6},"end":{"line":106,"column":7}},{"start":{"line":97,"column":6},"end":{"line":106,"column":7}}],"line":97},"3":{"loc":{"start":{"line":164,"column":8},"end":{"line":166,"column":9}},"type":"if","locations":[{"start":{"line":164,"column":8},"end":{"line":166,"column":9}},{"start":{"line":164,"column":8},"end":{"line":166,"column":9}}],"line":164},"4":{"loc":{"start":{"line":164,"column":12},"end":{"line":164,"column":273}},"type":"binary-expr","locations":[{"start":{"line":164,"column":12},"end":{"line":164,"column":35}},{"start":{"line":164,"column":39},"end":{"line":164,"column":62}},{"start":{"line":164,"column":66},"end":{"line":164,"column":89}},{"start":{"line":164,"column":93},"end":{"line":164,"column":115}},{"start":{"line":164,"column":119},"end":{"line":164,"column":141}},{"start":{"line":164,"column":145},"end":{"line":164,"column":168}},{"start":{"line":164,"column":172},"end":{"line":164,"column":194}},{"start":{"line":164,"column":198},"end":{"line":164,"column":220}},{"start":{"line":164,"column":224},"end":{"line":164,"column":246}},{"start":{"line":164,"column":250},"end":{"line":164,"column":273}}],"line":164},"5":{"loc":{"start":{"line":177,"column":8},"end":{"line":177,"column":32}},"type":"if","locations":[{"start":{"line":177,"column":8},"end":{"line":177,"column":32}},{"start":{"line":177,"column":8},"end":{"line":177,"column":32}}],"line":177},"6":{"loc":{"start":{"line":185,"column":10},"end":{"line":194,"column":11}},"type":"if","locations":[{"start":{"line":185,"column":10},"end":{"line":194,"column":11}},{"start":{"line":185,"column":10},"end":{"line":194,"column":11}}],"line":185},"7":{"loc":{"start":{"line":187,"column":14},"end":{"line":189,"column":15}},"type":"if","locations":[{"start":{"line":187,"column":14},"end":{"line":189,"column":15}},{"start":{"line":187,"column":14},"end":{"line":189,"column":15}}],"line":187},"8":{"loc":{"start":{"line":191,"column":12},"end":{"line":193,"column":13}},"type":"if","locations":[{"start":{"line":191,"column":12},"end":{"line":193,"column":13}},{"start":{"line":191,"column":12},"end":{"line":193,"column":13}}],"line":191},"9":{"loc":{"start":{"line":204,"column":6},"end":{"line":213,"column":7}},"type":"if","locations":[{"start":{"line":204,"column":6},"end":{"line":213,"column":7}},{"start":{"line":204,"column":6},"end":{"line":213,"column":7}}],"line":204},"10":{"loc":{"start":{"line":206,"column":8},"end":{"line":212,"column":9}},"type":"if","locations":[{"start":{"line":206,"column":8},"end":{"line":212,"column":9}},{"start":{"line":206,"column":8},"end":{"line":212,"column":9}}],"line":206},"11":{"loc":{"start":{"line":226,"column":8},"end":{"line":235,"column":9}},"type":"if","locations":[{"start":{"line":226,"column":8},"end":{"line":235,"column":9}},{"start":{"line":226,"column":8},"end":{"line":235,"column":9}}],"line":226},"12":{"loc":{"start":{"line":226,"column":12},"end":{"line":226,"column":99}},"type":"binary-expr","locations":[{"start":{"line":226,"column":12},"end":{"line":226,"column":52}},{"start":{"line":226,"column":56},"end":{"line":226,"column":99}}],"line":226}},"s":{"0":1,"1":1,"2":1,"3":1,"4":1,"5":1,"6":1,"7":1,"8":1,"9":1,"10":1,"11":1,"12":1,"13":1,"14":1,"15":1,"16":1,"17":1,"18":1,"19":1,"20":1,"21":1,"22":1,"23":1,"24":1,"25":12,"26":1,"27":1,"28":1,"29":1,"30":0,"31":0,"32":0,"33":0,"34":0,"35":0,"36":0,"37":0,"38":0,"39":0,"40":0,"41":0,"42":0,"43":0,"44":0,"45":0,"46":0,"47":0,"48":0,"49":0,"50":0,"51":0,"52":0,"53":0,"54":0,"55":0,"56":0,"57":0,"58":0,"59":0,"60":0,"61":0,"62":0,"63":0,"64":0,"65":0,"66":0,"67":0,"68":0,"69":0,"70":0,"71":0,"72":0,"73":0,"74":0,"75":0,"76":0,"77":0,"78":0,"79":0,"80":0,"81":0,"82":0,"83":0,"84":0,"85":0,"86":0,"87":0,"88":0,"89":0,"90":0,"91":0,"92":0,"93":0,"94":0,"95":0,"96":0,"97":0,"98":0,"99":0,"100":0,"101":0,"102":0,"103":0,"104":0,"105":0,"106":0,"107":0,"108":0,"109":0,"110":0,"111":0,"112":0,"113":0,"114":0,"115":0,"116":0,"117":0,"118":0,"119":0,"120":0,"121":0,"122":0,"123":0,"124":0,"125":0,"126":0,"127":0,"128":0,"129":0,"130":0,"131":0,"132":0,"133":0,"134":0,"135":0,"136":0,"137":0,"138":0,"139":0},"f":{"0":12,"1":0,"2":0,"3":0,"4":0,"5":0,"6":0,"7":0,"8":0,"9":0,"10":0,"11":0,"12":0,"13":0,"14":0,"15":0,"16":0,"17":0,"18":0,"19":0,"20":0,"21":0,"22":0},"b":{"0":[2,10],"1":[12,12],"2":[0,0],"3":[0,0],"4":[0,0,0,0,0,0,0,0,0,0],"5":[0,0],"6":[0,0],"7":[0,0],"8":[0,0],"9":[0,0],"10":[0,0],"11":[0,0],"12":[0,0]},"_coverageSchema":"332fd63041d2c1bcb487cc26dd0d5f7d97098a6c","hash":"16637d30d644704582f85978e8f41ffd6deddac7","contentHash":"ee5116b3d047adc328e8614aa5d12324_11.3.0"},"/home/traning/trainingbot/clone11November/Penny-Chat-Bot/server/util/index.js":{"path":"/home/traning/trainingbot/clone11November/Penny-Chat-Bot/server/util/index.js","statementMap":{"0":{"start":{"line":3,"column":0},"end":{"line":5,"column":3}},"1":{"start":{"line":7,"column":13},"end":{"line":7,"column":31}},"2":{"start":{"line":9,"column":14},"end":{"line":9,"column":44}},"3":{"start":{"line":11,"column":15},"end":{"line":11,"column":35}},"4":{"start":{"line":13,"column":16},"end":{"line":13,"column":48}},"5":{"start":{"line":15,"column":11},"end":{"line":15,"column":27}},"6":{"start":{"line":17,"column":12},"end":{"line":17,"column":40}},"7":{"start":{"line":19,"column":12},"end":{"line":19,"column":29}},"8":{"start":{"line":21,"column":13},"end":{"line":21,"column":42}},"9":{"start":{"line":23,"column":39},"end":{"line":23,"column":93}},"10":{"start":{"line":25,"column":0},"end":{"line":25,"column":115}}},"fnMap":{"0":{"name":"_interopRequireDefault","decl":{"start":{"line":23,"column":9},"end":{"line":23,"column":31}},"loc":{"start":{"line":23,"column":37},"end":{"line":23,"column":95}},"line":23}},"branchMap":{"0":{"loc":{"start":{"line":23,"column":46},"end":{"line":23,"column":92}},"type":"cond-expr","locations":[{"start":{"line":23,"column":70},"end":{"line":23,"column":73}},{"start":{"line":23,"column":76},"end":{"line":23,"column":92}}],"line":23},"1":{"loc":{"start":{"line":23,"column":46},"end":{"line":23,"column":67}},"type":"binary-expr","locations":[{"start":{"line":23,"column":46},"end":{"line":23,"column":49}},{"start":{"line":23,"column":53},"end":{"line":23,"column":67}}],"line":23}},"s":{"0":1,"1":1,"2":1,"3":1,"4":1,"5":1,"6":1,"7":1,"8":1,"9":4,"10":1},"f":{"0":4},"b":{"0":[4,0],"1":[4,4]},"_coverageSchema":"332fd63041d2c1bcb487cc26dd0d5f7d97098a6c","hash":"1d032581657ec879a87cd0826bc9408ffe7444c2","contentHash":"6f62bcc6d68f5c39756e9bd7bef79e42_11.3.0"},"/home/traning/trainingbot/clone11November/Penny-Chat-Bot/server/util/clean.js":{"path":"/home/traning/trainingbot/clone11November/Penny-Chat-Bot/server/util/clean.js","statementMap":{"0":{"start":{"line":3,"column":0},"end":{"line":5,"column":3}},"1":{"start":{"line":6,"column":10},"end":{"line":6,"column":27}},"2":{"start":{"line":7,"column":10},"end":{"line":7,"column":27}},"3":{"start":{"line":8,"column":10},"end":{"line":8,"column":28}},"4":{"start":{"line":9,"column":10},"end":{"line":9,"column":30}},"5":{"start":{"line":10,"column":10},"end":{"line":10,"column":30}},"6":{"start":{"line":11,"column":10},"end":{"line":11,"column":30}},"7":{"start":{"line":12,"column":10},"end":{"line":12,"column":40}},"8":{"start":{"line":13,"column":10},"end":{"line":13,"column":31}},"9":{"start":{"line":14,"column":10},"end":{"line":14,"column":31}},"10":{"start":{"line":15,"column":11},"end":{"line":15,"column":31}},"11":{"start":{"line":18,"column":10},"end":{"line":30,"column":1}},"12":{"start":{"line":19,"column":12},"end":{"line":19,"column":82}},"13":{"start":{"line":21,"column":2},"end":{"line":21,"column":35}},"14":{"start":{"line":22,"column":2},"end":{"line":22,"column":30}},"15":{"start":{"line":23,"column":2},"end":{"line":23,"column":30}},"16":{"start":{"line":24,"column":2},"end":{"line":24,"column":30}},"17":{"start":{"line":25,"column":2},"end":{"line":25,"column":30}},"18":{"start":{"line":26,"column":2},"end":{"line":26,"column":30}},"19":{"start":{"line":27,"column":2},"end":{"line":27,"column":30}},"20":{"start":{"line":29,"column":2},"end":{"line":29,"column":13}},"21":{"start":{"line":32,"column":11},"end":{"line":42,"column":1}},"22":{"start":{"line":33,"column":12},"end":{"line":33,"column":82}},"23":{"start":{"line":35,"column":2},"end":{"line":35,"column":30}},"24":{"start":{"line":36,"column":2},"end":{"line":36,"column":30}},"25":{"start":{"line":38,"column":2},"end":{"line":40,"column":5}},"26":{"start":{"line":39,"column":4},"end":{"line":39,"column":30}},"27":{"start":{"line":41,"column":2},"end":{"line":41,"column":13}},"28":{"start":{"line":44,"column":10},"end":{"line":48,"column":1}},"29":{"start":{"line":45,"column":12},"end":{"line":45,"column":82}},"30":{"start":{"line":47,"column":2},"end":{"line":47,"column":31}},"31":{"start":{"line":50,"column":0},"end":{"line":50,"column":53}}},"fnMap":{"0":{"name":"pre","decl":{"start":{"line":18,"column":19},"end":{"line":18,"column":22}},"loc":{"start":{"line":18,"column":25},"end":{"line":30,"column":1}},"line":18},"1":{"name":"post","decl":{"start":{"line":32,"column":20},"end":{"line":32,"column":24}},"loc":{"start":{"line":32,"column":27},"end":{"line":42,"column":1}},"line":32},"2":{"name":"(anonymous_2)","decl":{"start":{"line":38,"column":26},"end":{"line":38,"column":27}},"loc":{"start":{"line":38,"column":39},"end":{"line":40,"column":3}},"line":38},"3":{"name":"all","decl":{"start":{"line":44,"column":19},"end":{"line":44,"column":22}},"loc":{"start":{"line":44,"column":25},"end":{"line":48,"column":1}},"line":44}},"branchMap":{"0":{"loc":{"start":{"line":19,"column":12},"end":{"line":19,"column":82}},"type":"cond-expr","locations":[{"start":{"line":19,"column":65},"end":{"line":19,"
[...]
ine":38,"column":6},"end":{"line":40,"column":7}},"type":"if","locations":[{"start":{"line":38,"column":6},"end":{"line":40,"column":7}},{"start":{"line":38,"column":6},"end":{"line":40,"column":7}}],"line":38}},"s":{"0":1,"1":1,"2":1,"3":1,"4":1,"5":1,"6":1,"7":1,"8":1,"9":4,"10":1,"11":1,"12":1,"13":0,"14":1,"15":0,"16":0,"17":0,"18":0,"19":0,"20":0,"21":0},"f":{"0":4,"1":1,"2":0,"3":0},"b":{"0":[0,4],"1":[4,4],"2":[0,0]},"_coverageSchema":"332fd63041d2c1bcb487cc26dd0d5f7d97098a6c","hash":"8905d2f5791704a62ac136bb2392b9f6d9249152","contentHash":"23b8afed7a63aee56df9914b427e7a05_11.3.0"},"/home/traning/trainingbot/clone11November/Penny-Chat-Bot/server/routes/addtask/index.js":{"path":"/home/traning/trainingbot/clone11November/Penny-Chat-Bot/server/routes/addtask/index.js","statementMap":{"0":{"start":{"line":3,"column":0},"end":{"line":5,"column":3}},"1":{"start":{"line":7,"column":15},"end":{"line":7,"column":33}},"2":{"start":{"line":9,"column":16},"end":{"line":9,"column":48}},"3":{"start":{"line":11,"column":15},"end":{"line":11,"column":35}},"4":{"start":{"line":13,"column":16},"end":{"line":13,"column":48}},"5":{"start":{"line":15,"column":39},"end":{"line":15,"column":93}},"6":{"start":{"line":17,"column":13},"end":{"line":17,"column":39}},"7":{"start":{"line":20,"column":0},"end":{"line":20,"column":36}},"8":{"start":{"line":21,"column":0},"end":{"line":21,"column":25}}},"fnMap":{"0":{"name":"_interopRequireDefault","decl":{"start":{"line":15,"column":9},"end":{"line":15,"column":31}},"loc":{"start":{"line":15,"column":37},"end":{"line":15,"column":95}},"line":15}},"branchMap":{"0":{"loc":{"start":{"line":15,"column":46},"end":{"line":15,"column":92}},"type":"cond-expr","locations":[{"start":{"line":15,"column":70},"end":{"line":15,"column":73}},{"start":{"line":15,"column":76},"end":{"line":15,"column":92}}],"line":15},"1":{"loc":{"start":{"line":15,"column":46},"end":{"line":15,"column":67}},"type":"binary-expr","locations":[{"start":{"line":15,"column":46},"end":{"line":15,"column":49}},{"start":{"line":15,"column":53},"end":{"line":15,"column":67}}],"line":15}},"s":{"0":1,"1":1,"2":1,"3":1,"4":1,"5":2,"6":1,"7":1,"8":1},"f":{"0":2},"b":{"0":[1,1],"1":[2,2]},"_coverageSchema":"332fd63041d2c1bcb487cc26dd0d5f7d97098a6c","hash":"1f6d784192d4f8a4c1811e76c843fa74d0dc5416","contentHash":"b4a4c4ebefe62350882f63feab18b28e_11.3.0"},"/home/traning/trainingbot/clone11November/Penny-Chat-Bot/server/routes/addtask/addtask.js":{"path":"/home/traning/trainingbot/clone11November/Penny-Chat-Bot/server/routes/addtask/addtask.js","statementMap":{"0":{"start":{"line":3,"column":0},"end":{"line":5,"column":3}},"1":{"start":{"line":7,"column":15},"end":{"line":7,"column":33}},"2":{"start":{"line":9,"column":16},"end":{"line":9,"column":48}},"3":{"start":{"line":11,"column":14},"end":{"line":11,"column":37}},"4":{"start":{"line":13,"column":15},"end":{"line":13,"column":46}},"5":{"start":{"line":15,"column":16},"end":{"line":15,"column":49}},"6":{"start":{"line":17,"column":17},"end":{"line":17,"column":50}},"7":{"start":{"line":19,"column":14},"end":{"line":19,"column":33}},"8":{"start":{"line":21,"column":15},"end":{"line":21,"column":46}},"9":{"start":{"line":23,"column":39},"end":{"line":23,"column":93}},"10":{"start":{"line":26,"column":0},"end":{"line":48,"column":2}},"11":{"start":{"line":27,"column":1},"end":{"line":47,"column":2}},"12":{"start":{"line":28,"column":2},"end":{"line":42,"column":5}},"13":{"start":{"line":29,"column":3},"end":{"line":41,"column":4}},"14":{"start":{"line":31,"column":4},"end":{"line":31,"column":62}},"15":{"start":{"line":32,"column":4},"end":{"line":32,"column":88}},"16":{"start":{"line":33,"column":10},"end":{"line":41,"column":4}},"17":{"start":{"line":35,"column":4},"end":{"line":35,"column":61}},"18":{"start":{"line":36,"column":4},"end":{"line":36,"column":88}},"19":{"start":{"line":39,"column":4},"end":{"line":39,"column":65}},"20":{"start":{"line":40,"column":4},"end":{"line":40,"column":96}},"21":{"start":{"line":45,"column":2},"end":{"line":45,"column":63}},"22":{"start":{"line":46,"column":2},"end":{"line":46,"column":91}}},"fnMap":{"0":{"name":"_interopRequireDefault","decl":{"start":{"line":23,"column":9},"end":{"line":23,"column":31}},"loc":{"start":{"line":23,"column":37},"end":{"line":23,"column":95}},"line":23},"1":{"name":"(anonymous_1)","decl":{"start":{"line":26,"column":18},"end":{"line":26,"column":19}},"loc":{"start":{"line":26,"column":38},"end":{"line":48,"column":1}},"line":26},"2":{"name":"(anonymous_2)","decl":{"start":{"line":28,"column":133},"end":{"line":28,"column":134}},"loc":{"start":{"line":28,"column":156},"end":{"line":42,"column":3}},"line":28}},"branchMap":{"0":{"loc":{"start":{"line":23,"column":46},"end":{"line":23,"column":92}},"type":"cond-expr","locations":[{"start":{"line":23,"column":70},"end":{"line":23,"column":73}},{"start":{"line":23,"column":76},"end":{"line":23,"column":92}}],"line":23},"1":{"loc":{"start":{"line":23,"column":46},"end":{"line":23,"column":67}},"type":"binary-expr","locations":[{"start":{"line":23,"column":46},"end":{"line":23,"column":49}},{"start":{"line":23,"column":53},"end":{"line":23,"column":67}}],"line":23},"2":{"loc":{"start":{"line":29,"column":3},"end":{"line":41,"column":4}},"type":"if","locations":[{"start":{"line":29,"column":3},"end":{"line":41,"column":4}},{"start":{"line":29,"column":3},"end":{"line":41,"column":4}}],"line":29},"3":{"loc":{"start":{"line":33,"column":10},"end":{"line":41,"column":4}},"type":"if","locations":[{"start":{"line":33,"column":10},"end":{"line":41,"column":4}},{"start":{"line":33,"column":10},"end":{"line":41,"column":4}}],"line":33}},"s":{"0":1,"1":1,"2":1,"3":1,"4":1,"5":1,"6":1,"7":1,"8":1,"9":4,"10":1,"11":0,"12":0,"13":0,"14":0,"15":0,"16":0,"17":0,"18":0,"19":0,"20":0,"21":0,"22":0},"f":{"0":4,"1":0,"2":0},"b":{"0":[0,4],"1":[4,4],"2":[0,0],"3":[0,0]},"_coverageSchema":"332fd63041d2c1bcb487cc26dd0d5f7d97098a6c","hash":"a39a487a867fde1327fee97d6470f25f388d6cca","contentHash":"a9b31171f487a94fd74eb2d68057393b_11.3.0"},"/home/traning/trainingbot/clone11November/Penny-Chat-Bot/server/routes/addtask/Config.js":{"path":"/home/traning/trainingbot/clone11November/Penny-Chat-Bot/server/routes/addtask/Config.js","statementMap":{"0":{"start":{"line":3,"column":0},"end":{"line":10,"column":2}}},"fnMap":{},"branchMap":{},"s":{"0":1},"f":{},"b":{},"_coverageSchema":"332fd63041d2c1bcb487cc26dd0d5f7d97098a6c","hash":"97db18309aacd35d7371b8d652a5eb9d98f5bb45","contentHash":"5e27fce96d73232c9ee8a09707b4b389_11.3.0"},"/home/traning/trainingbot/clone11November/Penny-Chat-Bot/server/auth/passport.js":{"path":"/home/traning/trainingbot/clone11November/Penny-Chat-Bot/server/auth/passport.js","statementMap":{"0":{"start":{"line":3,"column":0},"end":{"line":5,"column":3}},"1":{"start":{"line":7,"column":21},"end":{"line":7,"column":46}},"2":{"start":{"line":9,"column":24},"end":{"line":9,"column":52}},"3":{"start":{"line":11,"column":27},"end":{"line":11,"column":59}},"4":{"start":{"line":13,"column":23},"end":{"line":13,"column":57}},"5":{"start":{"line":15,"column":24},"end":{"line":15,"column":64}},"6":{"start":{"line":17,"column":23},"end":{"line":17,"column":58}},"7":{"start":{"line":19,"column":24},"end":{"line":19,"column":64}},"8":{"start":{"line":21,"column":18},"end":{"line":21,"column":41}},"9":{"start":{"line":23,"column":19},"end":{"line":23,"column":54}},"10":{"start":{"line":25,"column":39},"end":{"line":25,"column":93}},"11":{"start":{"line":32,"column":0},"end":{"line":171,"column":2}},"12":{"start":{"line":35,"column":2},"end":{"line":37,"column":5}},"13":{"start":{"line":36,"column":4},"end":{"line":36,"column":24}},"14":{"start":{"line":40,"column":2},"end":{"line":44,"column":5}},"15":{"start":{"line":41,"column":4},"end":{"line":43,"column":7}},"16":{"start":{"line":42,"column":6},"end":{"line":42,"column":22}},"17":{"start":{"line":49,"column":2},"end":{"line":80,"column":6}},"18":{"start":{"line":55,"column":4},"end":{"line":55,"column":43}},"19":{"start":{"line":55,"column":15},"end":{"line":55,"column":43}},"20":{"start":{"line":58,"column":4},"end":{"line":79,"column":7}},"21":{"start":{"line":59,"column":6},"end":{"line":78,"column":9}},"22":{"start":{"line":61,"column":8},"end":{"line":77,"column":11}},"23":{"start":{"line":62,"column":10},"end":{"line":62,"column":27}},"24":{"start":{"line":66,"column":13},"end":{"line":77,"column":11}},"25":{"start":{"line":67,"column":12},"end":{"line":67,"column":37}},"26":{"start":{"line":70,"column":12},"end":{"line":76,"column":15}},"27":{"start":{"line":71,"column":14},"end":{"line":75,"column":15}},"28":{"start":{"line":72,"column":16},"end":{"line":72,"column":40}},"29":{"start":{"line":74,"column":16},"end":{"line":74,"column":41}},"30":{"start":{"line":85,"column":2},"end":{"line":131,"column":6}},"31":{"start":{"line":99,"column":4},"end":{"line":130,"column":7}},"32":{"start":{"line":102,"column":6},"end":{"line":129,"column":9}},"33":{"start":{"line":106,"column":8},"end":{"line":106,"column":34}},"34":{"start":{"line":106,"column":17},"end":{"line":106,"column":34}},"35":{"start":{"line":109,"column":8},"end":{"line":128,"column":9}},"36":{"start":{"line":110,"column":10},"end":{"line":110,"column":34}},"37":{"start":{"line":113,"column":24},"end":{"line":113,"column":55}},"38":{"start":{"line":114,"column":10},"end":{"line":114,"column":45}},"39":{"start":{"line":115,"column":10},"end":{"line":115,"column":49}},"40":{"start":{"line":116,"column":10},"end":{"line":116,"column":34}},"41":{"start":{"line":117,"column":10},"end":{"line":117,"column":50}},"42":{"start":{"line":118,"column":10},"end":{"line":118,"column":32}},"43":{"start":{"line":119,"column":10},"end":{"line":119,"column":32}},"44":{"start":{"line":120,"column":10},"end":{"line":120,"column":30}},"45":{"start":{"line":121,"column":10},"end":{"line":121,"column":30}},"46":{"start":{"line":122,"column":10},"end":{"line":127,"column":13}},"47":{"start":{"line":123,"column":12},"end":{"line":123,"column":31}},"48":{"start":{"line":123,"column":21},"end":{"line":123,"column":31}},"49":{"start":{"line":126,"column":12},"end":{"line":126,"column":39}},"50":{"start":{"line":136,"column":2},"end":{"line":170,"column":6}},"51":{"start":{"line":144,"column":4},"end":{"line":169,"column":7}},"52":{"start":{"line":148,"column":6},"end":{"line":148,"column":39}},"53":{"start":{"line":148,"column":15},"end":{"line":148,"column":39}},"54":{"start":{"line":151,"column":6},"end":{"line":168,"column":7}},"55":{"start":{"line":152,"column":8},"end":{"line":152,"column":32}},"56":{"start":{"line":155,"column":22},"end":{"line":155,"column":53}},"57":{"start":{"line":156,"column":8},"end":{"line":156,"column":43}},"58":{"start":{"line":157,"column":8},"end":{"line":157,"column":47}},"59":{"start":{"line":158,"column":8},"end":{"line":158,"column":32}},"60":{"start":{"line":159,"column":8},"end":{"line":159,"column":48}},"61":{"start":{"line":160,"column":8},"end":{"line":160,"column":30}},"62":{"start":{"line":161,"column":8},"end":{"line":161,"column":30}},"63":{"start":{"line":162,"column":8},"end":{"line":162,"column":28}},"64":{"start":{"line":163,"column":8},"end":{"line":163,"column":28}},"65":{"start":{"line":164,"column":8},"end":{"line":167,"column":11}},"66":{"start":{"line":165,"column":10},"end":{"line":165,"column":43}},"67":{"start":{"line":165,"column":19},"end":{"line":165,"column":43}},"68":{"start":{"line":166,"column":10},"end":{"line":166,"column":37}}},"fnMap":{"0":{"name":"_interopRequireDefault","decl":{"start":{"line":25,"column":9},"end":{"line":25,"column":31}},"loc":{"start":{"line":25,"column":37},"end":{"line":25,"column":95}},"line":25},"1":{"name":"(anonymous_1)","decl":{"start":{"line":32,"column":18},"end":{"line":32,"column":19}},"loc":{"start":{"line":32,"column":38},"end":{"line":171,"column":1}},"line":32},"2":{"name":"(anonymous_2)","decl":{"start":{"line":35,"column":25},"end":{"line":35,"column":26}},"loc":{"start":{"line":35,"column":47},"end":{"line":37,"column":3}},"line":35},"3":{"name":"(anonymous_3)","decl":{"start":{"line":40,"column":27},"end":{"line":40,"column":28}},"loc":{"start":{"line":40,"column":47},"end":{"line":44,"column":3}},"line":40},"4":{"name":"(anonymous_4)","decl":{"start":{"line":41,"column":43},"end":{"line":41,"column":44}},"loc":{"start":{"line":41,"column":64},"end":{"line":43,"column":5}},"line":41},"5":{"name":"(anonymous_5)","decl":{"start":{"line":54,"column":5},"end":{"line":54,"column":6}},"loc":{"start":{"line":54,"column":43},"end":{"line":80,"column":3}},"line":54},"6":{"name":"(anonymous_6)","decl":{"start":{"line":58,"column":21},"end":{"line":58,"column":22}},"loc":{"start":{"line":58,"column":33},"end":{"line":79,"column":5}},"line":58},"7":{"name":"(anonymous_7)","decl":{"start":{"line":59,"column":60},"end":{"line":59,"column":61}},"loc":{"start":{"line":59,"column":81},"end":{"line":78,"column":7}},"line":59},"8":{"name":"(anonymous_8)","decl":{"start":{"line":70,"column":68},"end":{"line":70,"column":69}},"loc":{"start":{"line":70,"column":92},"end":{"line":76,"column":13}},"line":70},"9":{"name":"(anonymous_9)","decl":{"start":{"line":96,"column":2},"end":{"line":96,"column":3}},"loc":{"start":{"line":96,"column":48},"end":{"line":131,"column":3}},"line":96},"10":{"name":"(anonymous_10)","decl":{"start":{"line":99,"column":21},"end":{"line":99,"column":22}},"loc":{"start":{"line":99,"column":33},"end":{"line":130,"column":5}},"line":99},"11":{"name":"(anonymous_11)","decl":{"start":{"line":102,"column":78},"end":{"line":102,"column":79}},"loc":{"start":{"line":102,"column":99},"end":{"line":129,"column":7}},"line":102},"12":{"name":"(anonymous_12)","decl":{"start":{"line":122,"column":23},"end":{"line":122,"column":24}},"loc":{"start":{"line":122,"column":38},"end":{"line":127,"column":11}},"line":122},"13":{"name":"(anonymous_13)","decl":{"start":{"line":143,"column":5},"end":{"line":143,"column":6}},"loc":{"start":{"line":143,"column":56},"end":{"line":170,"column":3}},"line":143},"14":{"name":"(anonymous_14)","decl":{"start":{"line":144,"column":76},"end":{"line":144,"column":77}},"loc":{"start":{"line":144,"column":97},"end":{"line":169,"column":5}},"line":144},"15":{"name":"(anonymous_15)","decl":{"start":{"line":164,"column":21},"end":{"line":164,"column":22}},"loc":{"start":{"line":164,"column":36},"end":{"line":167,"column":9}},"line":164}},"branchMap":{"0":{"loc":{"start":{"line":25,"column":46},"end":{"line":25,"column":92}},"type":"cond-expr","locations":[{"start":{"line":25,"column":70},"end":{"line":25,"column":73}},{"start":{"line":25,"column":76},"end":{"line":25,"column":92}}],"line":25},"1":{"loc":{"start":{"line":25,"column":46},"end":{"line":25,"column":67}},"type":"binary-expr","locations":[{"start":{"line":25,"column":46},"end":{"line":25,"column":49}},{"start":{"line":25,"column":53},"end":{"line":25,"column":67}}],"line":25},"2":{"loc":{"start":{"line":55,"column":4},"end":{"line":55,"column":43}},"type":"if","locations":[{"start":{"line":55,"column":4},"end":{"line":55,"column":43}},{"start":{"line":55,"column":4},"end":{"line":55,"column":43}}],"line":55},"3":{"loc":{"start":{"line":61,"column":8},"end":{"line":77,"column":11}},"type":"if","locations":[{"start":{"line":61,"column":8},"end":{"line":77,"column":11}},{"start":{"line":61,"column":8},"end":{"line":77,"column":11}}],"line":61},"4":{"loc":{"start":{"line":66,"column":13},"end":{"line":77,"column":11}},"type":"if","locations":[{"start":{"line":66,"column":13},"end":{"line":77,"column":11}},{"start":{"line":66,"column":13},"end":{"line":77,"column":11}}],"line":66},"5":{"loc":{"start":{"line":71,"column":14},"end":{"line":75,"column":15}},"type":"if","locations":[{"start":{"line":71,"column":14},"end":{"line":75,"column":15}},{"start":{"line":71,"column":14},"end":{"line":75,"column":15}}],"line":71},"6":{"loc":{"start":{"line":71,"column":18},"end":{"line":71,"column":33}},"type":"binary-expr","locations":[{"start":{"line":71,"column":18},"end":{"line":71,"column":25}},{"start":{"line":71,"column":29},"end":{"line":71,"column":33}}],"line":71},"7":{"loc":{"start":{"line":106,"column":8},"end":{"line":106,"column":34}},"type":"if","locations":[{"start":{"line":106,"column":8},"end":{"line":106,"column":34}},{"start":{"line":106,"column":8},"end":{"line":106,"column":34}}],"line":106},"8":{"loc":{"start":{"line":109,"column":8},"end":{"line":128,"column":9}},"type":"if","locations":[{"start":{"line":109,"column":8},"end":{"line":128,"column":9}},{"start":{"line":109,"column":8},"end":{"line":128,"column":9}}],"line":109},"9":{"loc":{"start":{"line":123,"column":12},"end":{"line":123,"column":31}},"type":"if","locations":[{"start":{"line":123,"column":12},"end":{"line":123,"column":31}},{"start":{"line":123,"column":12},"end":{"line":123,"column":31}}],"line":123},"10":{"loc":{"start":{"line":148,"column":6},"end":{"line":148,"column":39}},"type":"if","locations":[{"start":{"line":148,"column":6},"end":{"line":148,"column":39}},{"start":{"line":148,"column":6},"end":{"line":148,"column":39}}],"line":148},"11":{"loc":{"start":{"line":151,"column":6},"end":{"line":168,"column":7}},"type":"if","locations":[{"start":{"line":151,"column":6},"end":{"line":168,"column":7}},{"start":{"line":151,"column":6},"end":{"line":168,"column":7}}],"line":151},"12":{"loc":{"start":{"line":165,"column":10},"end":{"line":165,"column":43}},"type":"if","locations":[{"start":{"line":165,"column":10},"end":{"line":165,"column":43}},{"start":{"line":165,"column":10},"end":{"line":165,"column":43}}],"line":165}},"s":{"0":1,"1":1,"2":1,"3":1,"4":1,"5":1,"6":1,"7":1,"8":1,"9":1,"10":3,"11":1,"12":1,"13":0,"14":1,"15":0,"16":0,"17":1,"18":0,"19":0,"20":0,"21":0,"22":0,"23":0,"24":0,"25":0,"26":0,"27":0,"28":0,"29":0,"30":1,"31":0,"32":0,"33":0,"34":0,"35":0,"36":0,"37":0,"38":0,"39":0,"40":0,"41":0,"42":0,"43":0,"44":0,"45":0,"46":0,"47":0,"48":0,"49":0,"50":1,"51":0,"52":0,"53":0,"54":0,"55":0,"56":0,"57":0,"58":0,"59":0,"60":0,"61":0,"62":0,"63":0,"64":0,"65":0,"66":0,"67":0,"68":0},"f":{"0":3,"1":1,"2":0,"3":0,"4":0,"5":0,"6":0,"7":0,"8":0,"9":0,"10":0,"11":0,"12":0,"13":0,"14":0,"15":0},"b":{"0":[1,2],"1":[3,3],"2":[0,0],"3":[0,0],"4":[0,0],"5":[0,0],"6":[0,0],"7":[0,0],"8":[0,0],"9":[0,0],"10":[0,0],"11":[0,0],"12":[0,0]},"_coverageSchema":"332fd63041d2c1bcb487cc26dd0d5f7d97098a6c","hash":"6b1bd118148dad7fee169a0aa0f90850fe907931","contentHash":"0c4a63348b56c46fefd88ed8f7022a06_11.3.0"},"/home/traning/trainingbot/clone11November/Penny-Chat-Bot/server/auth/authConfig.js":{"path":"/home/traning/trainingbot/clone11November/Penny-Chat-Bot/server/auth/authConfig.js","statementMap":{"0":{"start":{"line":3,"column":0},"end":{"line":5,"column":3}},"1":{"start":{"line":7,"column":14},"end":{"line":7,"column":41}},"2":{"start":{"line":9,"column":15},"end":{"line":9,"column":46}},"3":{"start":{"line":11,"column":39},"end":{"line":11,"column":93}},"4":{"start":{"line":13,"column":0},"end":{"line":27,"column":2}}},"fnMap":{"0":{"name":"_interopRequireDefault","decl":{"start":{"line":11,"column":9},"end":{"line":11,"column":31}},"loc":{"start":{"line":11,"column":37},"end":{"line":11,"column":95}},"line":11}},"branchMap":{"0":{"loc":{"start":{"line":11,"column":46},"end":{"line":11,"column":92}},"type":"cond-expr","locations":[{"start":{"line":11,"column":70},"end":{"line":11,"column":73}},{"start":{"line":11,"column":76},"end":{"line":11,"column":92}}],"line":11},"1":{"loc":{"start":{"line":11,"column":46},"end":{"line":11,"column":67}},"type":"binary-expr","locations":[{"start":{"line":11,"column":46},"end":{"line":11,"column":49}},{"start":{"line":11,"column":53},"end":{"line":11,"column":67}}],"line":11}},"s":{"0":1,"1":1,"2":1,"3":1,"4":1},"f":{"0":1},"b":{"0":[0,1],"1":[1,1]},"_coverageSchema":"332fd63041d2c1bcb487cc26dd0d5f7d97098a6c","hash":"0e8d5ad89d6fef951d18c939bfde17ed40c2623e","contentHash":"efe4dafef56337a22716c1e705ef7f62_11.3.0"}}